Release 14.4 - ngc2edif P.49d (nt64)
Copyright (c) 1995-2012 Xilinx, Inc.  All rights reserved.
Reading design Addier_Subtrahier_Werk.ngc ...
WARNING:NetListWriters:298 - No output is written to
   Addier_Subtrahier_Werk.xncf, ignored.
Processing design ...
   Preping design's networks ...
   Preping design's macros ...
  finished :Prep
Writing EDIF netlist file Addier_Subtrahier_Werk.edif ...
ngc2edif: Total memory usage is 79256 kilobytes

Release 14.4 - ngc2edif P.49d (nt64)
Copyright (c) 1995-2012 Xilinx, Inc.  All rights reserved.
Reading design Addier_Subtrahier_Werk.ngc ...
WARNING:NetListWriters:298 - No output is written to
   Addier_Subtrahier_Werk.xncf, ignored.
Processing design ...
   Preping design's networks ...
   Preping design's macros ...
  finished :Prep
Writing EDIF netlist file Addier_Subtrahier_Werk.edif ...
ngc2edif: Total memory usage is 79256 kilobytes

Release 14.4 - ngc2edif P.49d (nt64)
Copyright (c) 1995-2012 Xilinx, Inc.  All rights reserved.
Reading design Addier_Subtrahier_Werk.ngc ...
WARNING:NetListWriters:298 - No output is written to
   Addier_Subtrahier_Werk.xncf, ignored.
Processing design ...
   Preping design's networks ...
   Preping design's macros ...
  finished :Prep
Writing EDIF netlist file Addier_Subtrahier_Werk.edif ...
ngc2edif: Total memory usage is 78744 kilobytes

