 0000           ;  Generated by PSoC Designer 5.3.2710
 0000           ;
 0010           FLAG_XIO_MASK:     equ 10h     ; I/O Bank select for register space
 0008           FLAG_SUPER:        equ 08h     ; Supervisor Mode
 0004           FLAG_CARRY:        equ 04h     ; Carry Condition Flag
 0002           FLAG_ZERO:         equ 02h     ; Zero  Condition Flag
 0001           FLAG_GLOBAL_IE:    equ 01h     ; Glogal Interrupt Enable
 0000           
 0000           
 0000           ;;=============================================================================
 0000           ;;      Register Space, Bank 0
 0000           ;;=============================================================================
 0000           
 0000           ;------------------------------------------------
 0000           ;  Port Registers
 0000           ;  Note: Also see this address range in Bank 1.
 0000           ;------------------------------------------------
 0000           ; Port 0
 0000           PRT0DR:       equ 00h          ; Port 0 Data Register                     (RW)
 0001           PRT0IE:       equ 01h          ; Port 0 Interrupt Enable Register         (RW)
 0002           PRT0GS:       equ 02h          ; Port 0 Global Select Register            (RW)
 0003           PRT0DM2:      equ 03h          ; Port 0 Drive Mode 2                      (RW)
 0000           ; Port 1
 0004           PRT1DR:       equ 04h          ; Port 1 Data Register                     (RW)
 0005           PRT1IE:       equ 05h          ; Port 1 Interrupt Enable Register         (RW)
 0006           PRT1GS:       equ 06h          ; Port 1 Global Select Register            (RW)
 0007           PRT1DM2:      equ 07h          ; Port 1 Drive Mode 2                      (RW)
 0000           
 0000           ;------------------------------------------------
 0000           ;  Digital PSoC(tm) block Registers
 0000           ;  Note: Also see this address range in Bank 1.
 0000           ;------------------------------------------------
 0000           ; Digital PSoC block 00, Basic Type B
 0020           DBB00DR0:     equ 20h          ; data register 0                          (#)
 0021           DBB00DR1:     equ 21h          ; data register 1                          (W)
 0022           DBB00DR2:     equ 22h          ; data register 2                          (RW)
 0023           DBB00CR0:     equ 23h          ; control & status register 0              (#)
 0000           
 0000           ; Digital PSoC block 01, Basic Type B
 0024           DBB01DR0:     equ 24h          ; data register 0                          (#)
 0025           DBB01DR1:     equ 25h          ; data register 1                          (W)
 0026           DBB01DR2:     equ 26h          ; data register 2                          (RW)
 0027           DBB01CR0:     equ 27h          ; control & status register 0              (#)
 0000           
 0000           ; Digital PSoC block 02, Communications Type B
 0028           DCB02DR0:     equ 28h          ; data register 0                          (#)
 0029           DCB02DR1:     equ 29h          ; data register 1                          (W)
 002A           DCB02DR2:     equ 2Ah          ; data register 2                          (RW)
 002B           DCB02CR0:     equ 2Bh          ; control & status register 0              (#)
 0000           
 0000           ; Digital PSoC block 03, Communications Type B
 002C           DCB03DR0:     equ 2Ch          ; data register 0                          (#)
 002D           DCB03DR1:     equ 2Dh          ; data register 1                          (W)
 002E           DCB03DR2:     equ 2Eh          ; data register 2                          (RW)
 002F           DCB03CR0:     equ 2Fh          ; control & status register 0              (#)
 0000           
 0000           ;-------------------------------------
 0000           ;  Analog Control Registers
 0000           ;-------------------------------------
 0060           AMX_IN:       equ 60h          ; Analog Input Multiplexor Control         (RW)
 000C           AMX_IN_ACI1:          equ 0Ch    ; MASK: column 1 input mux
 0003           AMX_IN_ACI0:          equ 03h    ; MASK: column 0 input mux
 0000           
 0062           PWM_CR:       equ 62h          ; Pulse-Width Modulator Control
 0038           PWM_CR_HIGH:          equ 38h    ; MASK: PWM high time
 0006           PWM_CR_LOW:           equ 06h	 ; MASK: PWM low time
 0001           PWM_CR_EN:            equ 01h	 ; MASK: Enable/Disable PWM function
 0000           
 0064           CMP_CR0:      equ 64h          ; Analog Comparator Bus Register           (#)
 0020           CMP_CR0_COMP1:        equ 20h    ; MASK: Column 1 comparator state        (R)
 0010           CMP_CR0_COMP0:        equ 10h    ; MASK: Column 0 comparator state        (R)
 0002           CMP_CR0_AINT1:        equ 02h    ; MASK: Column 1 interrupt source        (RW)
 0001           CMP_CR0_AINT0:        equ 01h    ; MASK: Column 0 interrupt source        (RW)
 0000           
 0066           CMP_CR1:      equ 66h          ; Analog Comparator Bus 1 Register         (RW)
 0020           CMP_CR1_CLDIS1:       equ 20h    ; MASK: Column 1 comparator synch enable
 0010           CMP_CR1_CLDIS0:	      equ 10h    ; MASK: Column 0 comparator synch enable
 0000           
 0068           ADC0_CR:      equ 68h          ; Analog Column 0 Configuration
 0080           ADC0_CR_CMPST:        equ 80h    ;
 0040           ADC0_CR_LOREN:        equ 40h    ;
 0020           ADC0_CR_SHEN:         equ 20h    ;
 0008           ADC0_CR_CBSRC:        equ 08h    ;
 0004           ADC0_CR_ADCM:         equ 04h    ;
 0001           ADC0_CR_EN:	          equ 01h    ;
 0000           
 0069           ADC1_CR:      equ 69h          ; Analog Column 1 Configuration
 0080           ADC1_CR_CMPST:        equ 80h    ;
 0040           ADC1_CR_LOREN:        equ 40h    ;
 0020           ADC1_CR_SHEN:         equ 20h    ;
 0008           ADC1_CR_CBSRC:        equ 08h    ;
 0004           ADC1_CR_ADCM:         equ 04h    ;
 0001           ADC1_CR_EN:	          equ 01h    ;
 0000           
 0000           ; Continuous Time PSoC block Type E Row 0 Col 0
 0072           ACE00CR1:     equ 72h          ; Control register 1                       (RW)
 0073           ACE00CR2:     equ 73h          ; Control register 2                       (RW)
 0000           
 0000           ; Continuous Time PSoC block Type E Row 0 Col 1
 0076           ACE01CR1:     equ 76h          ; Control register 1                       (RW)
 0077           ACE01CR2:     equ 77h          ; Control register 2                       (RW)
 0000           
 0000           ; Switched Cap PSoC blockType E Row 1 Col 0
 0080           ASE10CR0:     equ 80h          ; Control register 0                       (RW)
 0000           
 0000           ; Switched Cap PSoC blockType E Row 1 Col 1
 0084           ASE11CR0:     equ 84h          ; Control register 0                       (RW)
 0000           
 0000           ;-----------------------------------------------
 0000           ;  Global General Purpose Data Registers
 0000           ;-----------------------------------------------
 006C           TMP_DR0:      equ 6Ch          ; Temporary Data Register 0                (RW)
 006D           TMP_DR1:      equ 6Dh          ; Temporary Data Register 1                (RW)
 006E           TMP_DR2:      equ 6Eh          ; Temporary Data Register 2                (RW)
 006F           TMP_DR3:      equ 6Fh          ; Temporary Data Register 3                (RW)
 0000           
 0000           ;------------------------------------------------
 0000           ;  Row Digital Interconnects
 0000           ;
 0000           ;  Note: the following registers are mapped into
 0000           ;  both register bank 0 AND register bank 1.
 0000           ;------------------------------------------------
 0000           
 00B0           RDI0RI:       equ 0B0h          ; Row Digital Interconnect Row 0 Input Reg (RW)
 00B1           RDI0SYN:      equ 0B1h          ; Row Digital Interconnect Row 0 Sync Reg  (RW)
 00B2           RDI0IS:       equ 0B2h          ; Row 0 Input Select Register              (RW)
 00B3           RDI0LT0:      equ 0B3h          ; Row 0 Look Up Table Register 0           (RW)
 00B4           RDI0LT1:      equ 0B4h          ; Row 0 Look Up Table Register 1           (RW)
 00B5           RDI0RO0:      equ 0B5h          ; Row 0 Output Register 0                  (RW)
 00B6           RDI0RO1:      equ 0B6h          ; Row 0 Output Register 1                  (RW)
 0000           
 0000           
 0000           ;------------------------------------------------
 0000           ;  I2C Configuration Registers
 0000           ;------------------------------------------------
 00D6           I2C_CFG:      equ 0D6h          ; I2C Configuration Register               (RW)
 0040           I2C_CFG_PINSEL:         equ 40h  ; MASK: Select P1[0] and P1[1] for I2C
 0020           I2C_CFG_BUSERR_IE:      equ 20h  ; MASK: Enable interrupt on Bus Error
 0010           I2C_CFG_STOP_IE:        equ 10h  ; MASK: Enable interrupt on Stop
 0000           I2C_CFG_CLK_RATE_100K:  equ 00h  ; MASK: I2C clock set at 100K
 0004           I2C_CFG_CLK_RATE_400K:  equ 04h  ; MASK: I2C clock set at 400K
 0008           I2C_CFG_CLK_RATE_50K:   equ 08h  ; MASK: I2C clock set at 50K
 000C           I2C_CFG_CLK_RATE:       equ 0Ch  ; MASK: I2C clock rate setting mask
 0002           I2C_CFG_PSELECT_MASTER: equ 02h  ; MASK: Enable I2C Master
 0001           I2C_CFG_PSELECT_SLAVE:  equ 01h  ; MASK: Enable I2C Slave
 0000           
 00D7           I2C_SCR:      equ 0D7h          ; I2C Status and Control Register          (#)
 0080           I2C_SCR_BUSERR:        equ 80h   ; MASK: I2C Bus Error detected           (RC)
 0040           I2C_SCR_LOSTARB:       equ 40h   ; MASK: I2C Arbitration lost             (RC)
 0020           I2C_SCR_STOP:          equ 20h   ; MASK: I2C Stop detected                (RC)
 0010           I2C_SCR_ACK:           equ 10h   ; MASK: ACK the last byte                (RW)
 0008           I2C_SCR_ADDR:          equ 08h   ; MASK: Address rcv'd is Slave address   (RC)
 0004           I2C_SCR_XMIT:          equ 04h   ; MASK: Set transfer to tranmit mode     (RW)
 0002           I2C_SCR_LRB:           equ 02h   ; MASK: Last recieved bit                (RC)
 0001           I2C_SCR_BYTECOMPLETE:  equ 01h   ; MASK: Transfer of byte complete        (RC)
 0000           
 00D8           I2C_DR:       equ 0D8h          ; I2C Data Register                        (RW)
 0000           
 00D9           I2C_MSCR:     equ 0D9h          ; I2C Master Status and Control Register   (#)
 0008           I2C_MSCR_BUSY:         equ 08h   ; MASK: I2C Busy (Start detected)        (R)
 0004           I2C_MSCR_MODE:         equ 04h   ; MASK: Start has been generated         (R)
 0002           I2C_MSCR_RESTART:      equ 02h   ; MASK: Generate a Restart condition     (RW)
 0001           I2C_MSCR_START:        equ 01h   ; MASK: Generate a Start condition       (RW)
 0000           
 0000           ;------------------------------------------------
 0000           ;  System and Global Resource Registers
 0000           ;------------------------------------------------
 00DA           INT_CLR0:     equ 0DAh          ; Interrupt Clear Register 0               (RW)
 0000                                          ; Use INT_MSK0 bit field masks
 00DB           INT_CLR1:     equ 0DBh          ; Interrupt Clear Register 1               (RW)
 0000                                          ; Use INT_MSK1 bit field masks
 00DD           INT_CLR3:     equ 0DDh          ; Interrupt Clear Register 3               (RW)
 0000                                          ; Use INT_MSK3 bit field masks
 0000           
 00DE           INT_MSK3:     equ 0DEh          ; I2C and Software Mask Register           (RW)
 0080           INT_MSK3_ENSWINT:          equ 80h ; MASK: enable/disable SW interrupt
 0001           INT_MSK3_I2C:              equ 01h ; MASK: enable/disable I2C interrupt
 0000           
 00E0           INT_MSK0:     equ 0E0h          ; General Interrupt Mask Register          (RW)
 0080           INT_MSK0_VC3:              equ 80h ; MASK: enable/disable VC3 interrupt
 0040           INT_MSK0_SLEEP:            equ 40h ; MASK: enable/disable sleep interrupt
 0020           INT_MSK0_GPIO:             equ 20h ; MASK: enable/disable GPIO  interrupt
 0004           INT_MSK0_ACOLUMN_1:        equ 04h ; MASK: enable/disable Analog col 1 interrupt
 0002           INT_MSK0_ACOLUMN_0:        equ 02h ; MASK: enable/disable Analog col 0 interrupt
 0001           INT_MSK0_VOLTAGE_MONITOR:  equ 01h ; MASK: enable/disable Volts interrupt
 0000           
 00E1           INT_MSK1:     equ 0E1h          ; Digital PSoC block Mask Register         (RW)
 0008           INT_MSK1_DCB03:            equ 08h ; MASK: enable/disable DCB03 block interrupt
 0004           INT_MSK1_DCB02:            equ 04h ; MASK: enable/disable DCB02 block interrupt
 0002           INT_MSK1_DBB01:            equ 02h ; MASK: enable/disable DBB01 block interrupt
 0001           INT_MSK1_DBB00:            equ 01h ; MASK: enable/disable DBB00 block interrupt
 0000           
 00E2           INT_VC:       equ 0E2h          ; Interrupt vector register                (RC)
 00E3           RES_WDT:      equ 0E3h          ; Watch Dog Timer Register                 (W)
 0000           
 0000           ; DECIMATOR Control Registers
 00E6           DEC_CR0:      equ 0E6h          ; Data Control Register 0                  (RW)
 00E7           DEC_CR1:      equ 0E7h          ; Data Control Register 1                  (RW)
 0000           
 0000           ;------------------------------------------------------
 0000           ;  System Status and Control Registers
 0000           ;
 0000           ;  Note: The following registers are mapped into both
 0000           ;        register bank 0 AND register bank 1.
 0000           ;------------------------------------------------------
 00F7           CPU_F:        equ 0F7h          ; CPU Flag Register Access                 (RO)
 0000                                              ; Use FLAG_ masks defined at top of file
 0000           
 00FE           CPU_SCR1:     equ 0FEh          ; CPU Status and Control Register #1       (#)
 0080           CPU_SCR1_IRESS:         equ 80h    ; MASK: flag, Internal Reset Status bit
 0010           CPU_SCR1_SLIMO:         equ 10h	   ; MASK: Slow IMO (internal main osc) enable
 0008           CPU_SCR1_ECO_ALWD_WR:   equ 08h    ; MASK: flag, ECO allowed has been written
 0004           CPU_SCR1_ECO_ALLOWED:   equ 04h    ; MASK: ECO allowed to be enabled
 0001           CPU_SCR1_IRAMDIS:       equ 01h    ; MASK: Disable RAM initialization on WDR
 0000           
 00FF           CPU_SCR0:     equ 0FFh          ; CPU Status and Control Register #2       (#)
 0080           CPU_SCR0_GIE_MASK:      equ 80h    ; MASK: Global Interrupt Enable shadow
 0020           CPU_SCR0_WDRS_MASK:     equ 20h    ; MASK: Watch Dog Timer Reset
 0010           CPU_SCR0_PORS_MASK:     equ 10h    ; MASK: power-on reset bit PORS
 0008           CPU_SCR0_SLEEP_MASK:    equ 08h    ; MASK: Enable Sleep
 0001           CPU_SCR0_STOP_MASK:     equ 01h    ; MASK: Halt CPU bit
 0000           
 0000           
 0000           ;;=============================================================================
 0000           ;;      Register Space, Bank 1
 0000           ;;=============================================================================
 0000           
 0000           ;------------------------------------------------
 0000           ;  Port Registers
 0000           ;  Note: Also see this address range in Bank 0.
 0000           ;------------------------------------------------
 0000           ; Port 0
 0000           PRT0DM0:      equ 00h          ; Port 0 Drive Mode 0                      (RW)
 0001           PRT0DM1:      equ 01h          ; Port 0 Drive Mode 1                      (RW)
 0002           PRT0IC0:      equ 02h          ; Port 0 Interrupt Control 0               (RW)
 0003           PRT0IC1:      equ 03h          ; Port 0 Interrupt Control 1               (RW)
 0000           
 0000           ; Port 1
 0004           PRT1DM0:      equ 04h          ; Port 1 Drive Mode 0                      (RW)
 0005           PRT1DM1:      equ 05h          ; Port 1 Drive Mode 1                      (RW)
 0006           PRT1IC0:      equ 06h          ; Port 1 Interrupt Control 0               (RW)
 0007           PRT1IC1:      equ 07h          ; Port 1 Interrupt Control 1               (RW)
 0000           
 0000           ;------------------------------------------------
 0000           ;  Digital PSoC(tm) block Registers
 0000           ;  Note: Also see this address range in Bank 0.
 0000           ;------------------------------------------------
 0000           
 0000           ; Digital PSoC block 00, Basic Type B
 0020           DBB00FN:      equ 20h          ; Function Register                        (RW)
 0021           DBB00IN:      equ 21h          ;    Input Register                        (RW)
 0022           DBB00OU:      equ 22h          ;   Output Register                        (RW)
 0000           
 0000           ; Digital PSoC block 01, Basic Type B
 0024           DBB01FN:      equ 24h          ; Function Register                        (RW)
 0025           DBB01IN:      equ 25h          ;    Input Register                        (RW)
 0026           DBB01OU:      equ 26h          ;   Output Register                        (RW)
 0000           
 0000           ; Digital PSoC block 02, Communications Type B
 0028           DCB02FN:      equ 28h          ; Function Register                        (RW)
 0029           DCB02IN:      equ 29h          ;    Input Register                        (RW)
 002A           DCB02OU:      equ 2Ah          ;   Output Register                        (RW)
 0000           
 0000           ; Digital PSoC block 03, Communications Type B
 002C           DCB03FN:      equ 2Ch          ; Function Register                        (RW)
 002D           DCB03IN:      equ 2Dh          ;    Input Register                        (RW)
 002E           DCB03OU:      equ 2Eh          ;   Output Register                        (RW)
 0000           
 0000           ;------------------------------------------------
 0000           ;  System and Global Resource Registers
 0000           ;  Note: Also see this address range in Bank 0.
 0000           ;------------------------------------------------
 0000           
 0060           CLK_CR0:      equ 60h          ; Analog Column Clock Select Register 0    (RW)
 000C           CLK_CR0_ACOLUMN_1:    equ 0Ch    ; MASK: Specify clock for analog cloumn
 0003           CLK_CR0_ACOLUMN_0:    equ 03h    ; MASK: Specify clock for analog cloumn
 0000           
 0061           CLK_CR1:      equ 61h          ; Analog Clock Source Select Register 1    (RW)
 0018           CLK_CR1_ACLK1:        equ 18h    ; MASK: Digital PSoC block for analog source
 0003           CLK_CR1_ACLK0:        equ 03h    ; MASK: Digital PSoC block for analog source
 0000           
 0062           ABF_CR0:      equ 62h          ; Analog Output Buffer Control Register 0  (RW)
 0080           ABF_CR0_ACOL1MUX:     equ 80h    ; MASK: Analog Column 1 Mux control
 0000           
 0063           AMD_CR0:      equ 63h          ; Analog Modulator Control Register 0      (RW)
 000F           AMD_CR0_AMOD0:        equ 0Fh    ; MASK: Modulation source for analog column 1
 0000           
 0064           CMP_GO_EN:    equ 64h          ; Comparator Bus To Global Out Enable      (RW)
 0080           CMP_GO_EN_GOO5:       equ 80h    ; MASK: Selected Col 1 signal to GOO5
 0040           CMP_GO_EN_GOO1:       equ 40h    ; MASK: Selected Col 1 signal to GOO1
 0030           CMP_GO_EN_SEL1:       equ 30h    ; MASK: Column 1 Signal Select
 0008           CMP_GO_EN_GOO4:       equ 08h    ; MASK: Selected Col 0 signal to GOO4
 0004           CMP_GO_EN_GOO0:       equ 04h    ; MASK: Selected Col 0 signal to GOO0
 0003           CMP_GO_EN_SEL0:       equ 03h    ; MASK: Column 0 Signal Select
 0000           
 0066           AMD_CR1:      equ 66h          ; Analog Modulator Control Register 1      (RW)
 000F           AMD_CR1_AMOD1:        equ 0Fh    ; MASK: Modulation ctrl for analog column 1
 0000           
 0067           ALT_CR0:      equ 67h          ; Analog Look Up Table (LUT) Register 0    (RW)
 00F0           ALT_CR0_LUT1:         equ 0F0h    ; MASK: Look up table 1 selection
 000F           ALT_CR0_LUT0:         equ 0Fh    ; MASK: Look up table 0 selection
 0000           
 006B           CLK_CR3:      equ 6Bh          ; Analog Clock Source Control Register 3   (RW)
 0040           CLK_CR3_SYS1:         equ 40h    ; MASK: Analog Clock 1 selection
 0030           CLK_CR3_DIVCLK1:      equ 30h    ; MASK: Analog Clock 1 divider
 0004           CLK_CR3_SYS0:         equ 04h    ; MASK: Analog Clock 0 selection
 0003           CLK_CR3_DIVCLK0:      equ 03h    ; MASK: Analog Clock 0 divider
 0000           
 0000           ;------------------------------------------------
 0000           ;  Global Digital Interconnects
 0000           ;------------------------------------------------
 0000           
 00D0           GDI_O_IN:     equ 0D0h          ; Global Dig Interconnect Odd Inputs Reg   (RW)
 00D1           GDI_E_IN:     equ 0D1h          ; Global Dig Interconnect Even Inputs Reg  (RW)
 00D2           GDI_O_OU:     equ 0D2h          ; Global Dig Interconnect Odd Outputs Reg  (RW)
 00D3           GDI_E_OU:     equ 0D3h          ; Global Dig Interconnect Even Outputs Reg (RW)
 0000           
 0000           ;------------------------------------------------
 0000           ;  Clock and System Control Registers
 0000           ;------------------------------------------------
 0000           
 00DD           OSC_GO_EN:    equ 0DDh          ; Oscillator to Global Outputs Enable Register (RW)
 0080           OSC_GO_EN_SLPINT:      equ 80h	 ; Enable Sleep Timer onto GOE[7]
 0040           OSC_GO_EN_VC3:         equ 40h    ; Enable VC3 onto GOE[6]
 0020           OSC_GO_EN_VC2:         equ 20h    ; Enable VC2 onto GOE[5]
 0010           OSC_GO_EN_VC1:         equ 10h    ; Enable VC1 onto GOE[4]
 0008           OSC_GO_EN_SYSCLKX2:    equ 08h    ; Enable 2X SysClk onto GOE[3]
 0004           OSC_GO_EN_SYSCLK:      equ 04h    ; Enable 1X SysClk onto GOE[2]
 0002           OSC_GO_EN_CLK24M:      equ 02h    ; Enable 24 MHz clock onto GOE[1]
 0001           OSC_GO_EN_CLK32K:      equ 01h    ; Enable 32 kHz clock onto GOE[0]
 0000           
 00DE           OSC_CR4:      equ 0DEh          ; Oscillator Control Register 4            (RW)
 0003           OSC_CR4_VC3SEL:       equ 03h    ; MASK: System VC3 Clock source
 0000           
 00DF           OSC_CR3:      equ 0DFh          ; Oscillator Control Register 3            (RW)
 0000           
 00E0           OSC_CR0:      equ 0E0h          ; System Oscillator Control Register 0     (RW)
 0080           OSC_CR0_32K_SELECT:   equ 80h    ; MASK: Enable/Disable External XTAL Osc
 0040           OSC_CR0_PLL_MODE:     equ 40h    ; MASK: Enable/Disable PLL
 0020           OSC_CR0_NO_BUZZ:      equ 20h    ; MASK: Bandgap always powered/BUZZ bandgap
 0018           OSC_CR0_SLEEP:        equ 18h    ; MASK: Set Sleep timer freq/period
 0000           OSC_CR0_SLEEP_512Hz:  equ 00h    ;     Set sleep bits for 1.95ms period
 0008           OSC_CR0_SLEEP_64Hz:   equ 08h    ;     Set sleep bits for 15.6ms period
 0010           OSC_CR0_SLEEP_8Hz:    equ 10h    ;     Set sleep bits for 125ms period
 0018           OSC_CR0_SLEEP_1Hz:    equ 18h    ;     Set sleep bits for 1 sec period
 0007           OSC_CR0_CPU:          equ 07h    ; MASK: Set CPU Frequency
 0000           OSC_CR0_CPU_3MHz:     equ 00h    ;     set CPU Freq bits for 3MHz Operation
 0001           OSC_CR0_CPU_6MHz:     equ 01h    ;     set CPU Freq bits for 6MHz Operation
 0002           OSC_CR0_CPU_12MHz:    equ 02h    ;     set CPU Freq bits for 12MHz Operation
 0003           OSC_CR0_CPU_24MHz:    equ 03h    ;     set CPU Freq bits for 24MHz Operation
 0004           OSC_CR0_CPU_1d5MHz:   equ 04h    ;     set CPU Freq bits for 1.5MHz Operation
 0005           OSC_CR0_CPU_750kHz:   equ 05h    ;     set CPU Freq bits for 750kHz Operation
 0006           OSC_CR0_CPU_187d5kHz: equ 06h    ;     set CPU Freq bits for 187.5kHz Operation
 0007           OSC_CR0_CPU_93d7kHz:  equ 07h    ;     set CPU Freq bits for 93.7kHz Operation
 0000           
 00E1           OSC_CR1:      equ 0E1h          ; System VC1/VC2 Divider Control Register  (RW)
 00F0           OSC_CR1_VC1:          equ 0F0h    ; MASK: System VC1 24MHz/External Clk divider
 000F           OSC_CR1_VC2:          equ 0Fh    ; MASK: System VC2 24MHz/External Clk divider
 0000           
 00E2           OSC_CR2:      equ 0E2h          ; Oscillator Control Register 2            (RW)
 0080           OSC_CR2_PLLGAIN:      equ 80h    ; MASK: High/Low gain
 0004           OSC_CR2_EXTCLKEN:     equ 04h    ; MASK: Enable/Disable External Clock
 0002           OSC_CR2_IMODIS:       equ 02h    ; MASK: Enable/Disable System (IMO) Clock Net
 0001           OSC_CR2_SYSCLKX2DIS:  equ 01h    ; MASK: Enable/Disable 48MHz clock source
 0000           
 00E3           VLT_CR:       equ 0E3h          ; Voltage Monitor Control Register         (RW)
 0080           VLT_CR_SMP:           equ 80h    ; MASK: Enable Switch Mode Pump
 0030           VLT_CR_PORLEV:        equ 30h    ; MASK: Mask for Power on Reset level control
 0000           VLT_CR_POR_LOW:       equ 00h    ;   Lowest  Precision Power-on Reset trip point
 0010           VLT_CR_POR_MID:       equ 10h    ;   Middle  Precision Power-on Reset trip point
 0020           VLT_CR_POR_HIGH:      equ 20h    ;   Highest Precision Power-on Reset trip point
 0008           VLT_CR_LVDTBEN:       equ 08h    ; MASK: Enable the CPU Throttle Back on LVD
 0007           VLT_CR_VM:            equ 07h    ; MASK: Mask for Voltage Monitor level setting
 0000           
 00E4           VLT_CMP:      equ 0E4h          ; Voltage Monitor Comparators Register     (R)
 0008           VLT_CMP_NOWRITE:      equ 08h    ; MASK: Vcc below allowed flash write level
 0004           VLT_CMP_PUMP:         equ 04h    ; MASK: Vcc below SMP trip level
 0002           VLT_CMP_LVD:          equ 02h    ; MASK: Vcc below LVD trip level
 0001           VLT_CMP_PPOR:         equ 01h    ; MASK: Vcc below PPOR trip level
 0000           
 00E5           ADC0_TR:      equ 0E5h		   ; ADC Column 0 Trim Register               (RW)
 00E6           ADC1_TR:      equ 0E6h          ; ADC Column 1 Trim Register               (RW)
 0000           
 00E8           IMO_TR:       equ 0E8h          ; Internal Main Oscillator Trim Register   (W)
 00E9           ILO_TR:       equ 0E9h          ; Internal Low-speed Oscillator Trim       (W)
 00EA           BDG_TR:       equ 0EAh          ; Band Gap Trim Register                   (W)
 00EB           ECO_TR:       equ 0EBh          ; External Oscillator Trim Register        (W)
 0000           
 00FA           FLS_PR1:      equ 0FAh          ; Flash Program Register 1                 (RW)
 0003           FLS_PR1_BANK:         equ 03h    ; MASK: Select Active Flash Bank
 0000           
 0000           ;;=============================================================================
 0000           ;;      M8C System Macros
 0000           ;;  These macros should be used when their functions are needed.
 0000           ;;=============================================================================
 0000           
 0000           ;----------------------------------------------------
 0000           ;  Swapping Register Banks
 0000           ;----------------------------------------------------
 0000               macro M8C_SetBank0
 0000               and   F, ~FLAG_XIO_MASK
 0000               macro M8C_SetBank1
 0000               or    F, FLAG_XIO_MASK
 0000               macro M8C_EnableGInt
 0000               or    F, FLAG_GLOBAL_IE
 0000               macro M8C_DisableGInt
 0000               and   F, ~FLAG_GLOBAL_IE
 0000               macro M8C_DisableIntMask
 0000               and   reg[@0], ~@1              ; disable specified interrupt enable bit
 0000               macro M8C_EnableIntMask
 0000               or    reg[@0], @1               ; enable specified interrupt enable bit
 0000               macro M8C_ClearIntFlag
 0000               mov   reg[@0], ~@1              ; clear specified interrupt enable bit
 0000               macro M8C_EnableWatchDog
 0000               and   reg[CPU_SCR0], ~CPU_SCR0_PORS_MASK
 0000               macro M8C_ClearWDT
 0000               mov   reg[RES_WDT], 00h
 0000               macro M8C_ClearWDTAndSleep
 0000               mov   reg[RES_WDT], 38h
 0000               macro M8C_Sleep
 0000               or    reg[CPU_SCR0], CPU_SCR0_SLEEP_MASK
 0000               ; The next instruction to be executed depends on the state of the
 0000               ; various interrupt enable bits. If some interrupts are enabled
 0000               ; and the global interrupts are disabled, the next instruction will
 0000               ; be the one that follows the invocation of this macro. If global
 0000               ; interrupts are also enabled then the next instruction will be
 0000               ; from the interrupt vector table. If no interrupts are enabled
 0000               ; then the CPU sleeps forever.
 0000               macro M8C_Stop
 0000               ; In general, you probably don't want to do this, but here's how:
 0000               or    reg[CPU_SCR0], CPU_SCR0_STOP_MASK
 0000               ; Next instruction to be executed is located in the interrupt
 0000               ; vector table entry for Power-On Reset.
 0000               macro M8C_Reset
 0000               ; Restore CPU to the power-on reset state.
 0000               mov A, 0
 0000               SSC
 0000               ; Next non-supervisor instruction will be at interrupt vector 0.
 0000               macro Suspend_CodeCompressor
 0000               or   F, 0
 0000               macro Resume_CodeCompressor
 0000               add  SP, 0
                export LoadConfigTBL_hp03s_Bank1
                export LoadConfigTBL_hp03s_Bank0
                export LoadConfigTBL_hp03s_Ordered
                AREA lit(rom, rel)
 0000           LoadConfigTBL_hp03s_Bank0:
 0000           ;  Instance name I2CHW, User Module I2CHW
 0000           ;  Instance name PWM16, User Module PWM16
 0000           ;       Instance name PWM16, Block Name PWM16_LSB(DBB00)
 0000 2300              db              23h, 00h                ;PWM16_CONTROL_LSB_REG(DBB00CR0)
 0002 212D              db              21h, 2dh                ;PWM16_PERIOD_LSB_REG(DBB00DR1)
 0004 2217              db              22h, 17h                ;PWM16_COMPARE_LSB_REG(DBB00DR2)
 0006           ;       Instance name PWM16, Block Name PWM16_MSB(DBB01)
 0006 2700              db              27h, 00h                ;PWM16_CONTROL_MSB_REG(DBB01CR0)
 0008 2500              db              25h, 00h                ;PWM16_PERIOD_MSB_REG(DBB01DR1)
 000A 2600              db              26h, 00h                ;PWM16_COMPARE_MSB_REG(DBB01DR2)
 000C           ;  Global Register values Bank 0
 000C 6009              db              60h, 09h                ; AnalogColumnInputSelect register (AMX_IN)
 000E 6400              db              64h, 00h                ; AnalogComparatorControl0 register (CMP_CR0)
 0010 6600              db              66h, 00h                ; AnalogComparatorControl1 register (CMP_CR1)
 0012 E600              db              e6h, 00h                ; DecimatorControl_0 register (DEC_CR0)
 0014 E700              db              e7h, 00h                ; DecimatorControl_1 register (DEC_CR1)
 0016 D644              db              d6h, 44h                ; I2CConfig register (I2CCFG)
 0018 6200              db              62h, 00h                ; PWM_Control register (PWM_CR)
 001A B000              db              b0h, 00h                ; Row_0_InputMux register (RDI0RI)
 001C B100              db              b1h, 00h                ; Row_0_InputSync register (RDI0SYN)
 001E B200              db              b2h, 00h                ; Row_0_LogicInputAMux register (RDI0IS)
 0020 B333              db              b3h, 33h                ; Row_0_LogicSelect_0 register (RDI0LT0)
 0022 B433              db              b4h, 33h                ; Row_0_LogicSelect_1 register (RDI0LT1)
 0024 B500              db              b5h, 00h                ; Row_0_OutputDrive_0 register (RDI0SRO0)
 0026 B610              db              b6h, 10h                ; Row_0_OutputDrive_1 register (RDI0SRO1)
 0028 FF                db              ffh
 0029           LoadConfigTBL_hp03s_Bank1:
 0029           ;  Instance name I2CHW, User Module I2CHW
 0029           ;  Instance name PWM16, User Module PWM16
 0029           ;       Instance name PWM16, Block Name PWM16_LSB(DBB00)
 0029 2011              db              20h, 11h                ;PWM16_FUNC_LSB_REG(DBB00FN)
 002B 2115              db              21h, 15h                ;PWM16_INPUT_LSB_REG(DBB00IN)
 002D 2240              db              22h, 40h                ;PWM16_OUTPUT_LSB_REG(DBB00OU)
 002F           ;       Instance name PWM16, Block Name PWM16_MSB(DBB01)
 002F 2439              db              24h, 39h                ;PWM16_FUNC_MSB_REG(DBB01FN)
 0031 2535              db              25h, 35h                ;PWM16_INPUT_MSB_REG(DBB01IN)
 0033 2647              db              26h, 47h                ;PWM16_OUTPUT_MSB_REG(DBB01OU)
 0035           ;  Global Register values Bank 1
 0035 6100              db              61h, 00h                ; AnalogClockSelect1 register (CLK_CR1)
 0037 6000              db              60h, 00h                ; AnalogColumnClockSelect register (CLK_CR0)
 0039 6200              db              62h, 00h                ; AnalogIOControl_0 register (ABF_CR0)
 003B 6733              db              67h, 33h                ; AnalogLUTControl0 register (ALT_CR0)
 003D 6400              db              64h, 00h                ; ComparatorGlobalOutEn register (CMP_GO_EN)
 003F D100              db              d1h, 00h                ; GlobalDigitalInterconnect_Drive_Even_Input register (GDI_E_IN)
 0041 D300              db              d3h, 00h                ; GlobalDigitalInterconnect_Drive_Even_Output register (GDI_E_OU)
 0043 D000              db              d0h, 00h                ; GlobalDigitalInterconnect_Drive_Odd_Input register (GDI_O_IN)
 0045 D200              db              d2h, 00h                ; GlobalDigitalInterconnect_Drive_Odd_Output register (GDI_O_OU)
 0047 E1FF              db              e1h, ffh                ; OscillatorControl_1 register (OSC_CR1)
 0049 E200              db              e2h, 00h                ; OscillatorControl_2 register (OSC_CR2)
 004B DFFF              db              dfh, ffh                ; OscillatorControl_3 register (OSC_CR3)
 004D DE02              db              deh, 02h                ; OscillatorControl_4 register (OSC_CR4)
 004F DD00              db              ddh, 00h                ; OscillatorGlobalBusEnableControl register (OSC_GO_EN)
 0051 FF                db              ffh
                AREA psoc_config(rom, rel)
 0000           LoadConfigTBL_hp03s_Ordered:
 0000           ;  Ordered Global Register values
 0000 70EF          and   F, ~FLAG_XIO_MASK
 0002 620000            mov     reg[00h], 00h           ; Port_0_Data register (PRT0DR)
 0005 7110          or    F, FLAG_XIO_MASK
 0007 620008            mov     reg[00h], 08h           ; Port_0_DriveMode_0 register (PRT0DM0)
 000A 620134            mov     reg[01h], 34h           ; Port_0_DriveMode_1 register (PRT0DM1)
 000D 70EF          and   F, ~FLAG_XIO_MASK
 000F 620334            mov     reg[03h], 34h           ; Port_0_DriveMode_2 register (PRT0DM2)
 0012 620208            mov     reg[02h], 08h           ; Port_0_GlobalSelect register (PRT0GS)
 0015 7110          or    F, FLAG_XIO_MASK
 0017 620200            mov     reg[02h], 00h           ; Port_0_IntCtrl_0 register (PRT0IC0)
 001A 620300            mov     reg[03h], 00h           ; Port_0_IntCtrl_1 register (PRT0IC1)
 001D 70EF          and   F, ~FLAG_XIO_MASK
 001F 620100            mov     reg[01h], 00h           ; Port_0_IntEn register (PRT0IE)
 0022 620403            mov     reg[04h], 03h           ; Port_1_Data register (PRT1DR)
 0025 7110          or    F, FLAG_XIO_MASK
 0027 620403            mov     reg[04h], 03h           ; Port_1_DriveMode_0 register (PRT1DM0)
 002A 620503            mov     reg[05h], 03h           ; Port_1_DriveMode_1 register (PRT1DM1)
 002D 70EF          and   F, ~FLAG_XIO_MASK
 002F 620703            mov     reg[07h], 03h           ; Port_1_DriveMode_2 register (PRT1DM2)
 0032 620600            mov     reg[06h], 00h           ; Port_1_GlobalSelect register (PRT1GS)
 0035 7110          or    F, FLAG_XIO_MASK
 0037 620600            mov     reg[06h], 00h           ; Port_1_IntCtrl_0 register (PRT1IC0)
 003A 620700            mov     reg[07h], 00h           ; Port_1_IntCtrl_1 register (PRT1IC1)
 003D 70EF          and   F, ~FLAG_XIO_MASK
 003F 620500            mov     reg[05h], 00h           ; Port_1_IntEn register (PRT1IE)
 0042 70EF          and   F, ~FLAG_XIO_MASK
 0044 7F                ret
 0045           
 0045           
 0045           ; PSoC Configuration file trailer PsocConfig.asm
