Release 14.4 - ngc2edif P.49d (nt64)
Copyright (c) 1995-2012 Xilinx, Inc.  All rights reserved.
Reading design Look_Ahead_Adder.ngc ...
WARNING:NetListWriters:298 - No output is written to Look_Ahead_Adder.xncf,
   ignored.
Processing design ...
   Preping design's networks ...
   Preping design's macros ...
  finished :Prep
Writing EDIF netlist file Look_Ahead_Adder.edif ...
ngc2edif: Total memory usage is 79256 kilobytes

Release 14.4 - ngc2edif P.49d (nt64)
Copyright (c) 1995-2012 Xilinx, Inc.  All rights reserved.
Reading design Look_Ahead_Adder.ngc ...
WARNING:NetListWriters:298 - No output is written to Look_Ahead_Adder.xncf,
   ignored.
Processing design ...
   Preping design's networks ...
   Preping design's macros ...
  finished :Prep
Writing EDIF netlist file Look_Ahead_Adder.edif ...
ngc2edif: Total memory usage is 79704 kilobytes

