
****** PlanAhead v14.4 (64-bit)
  **** Build 222254 by xbuild on Tue Dec 18 05:21:09 MST 2012
    ** Copyright 1986-1999, 2001-2012 Xilinx, Inc. All Rights Reserved.

INFO: [Common 17-78] Attempting to get a license: PlanAhead
INFO: [Common 17-290] Got license for PlanAhead
INFO: [Device 21-36] Loading parts and site information from G:/Xilinx/14.4/ISE_DS/PlanAhead/data/parts/arch.xml
Parsing RTL primitives file [G:/Xilinx/14.4/ISE_DS/PlanAhead/data/parts/xilinx/rtl/prims/rtl_prims.xml]
Finished parsing RTL primitives file [G:/Xilinx/14.4/ISE_DS/PlanAhead/data/parts/xilinx/rtl/prims/rtl_prims.xml]
start_gui
source G:/Dropbox/Hobby/Programme/FPGA/Acht_Bit_Addier_Subtrahier_Werk/pa.fromNetlist.tcl
# create_project -name Acht_Bit_Addier_Subtrahier_Werk -dir "G:/Dropbox/Hobby/Programme/FPGA/Acht_Bit_Addier_Subtrahier_Werk/planAhead_run_2" -part xc3s250evq100-4
# set_property design_mode GateLvl [get_property srcset [current_run -impl]]
# set_property edif_top_file "G:/Dropbox/Hobby/Programme/FPGA/Acht_Bit_Addier_Subtrahier_Werk/Addier_Subtrahier_Werk.ngc" [ get_property srcset [ current_run ] ]
# add_files -norecurse { {G:/Dropbox/Hobby/Programme/FPGA/Acht_Bit_Addier_Subtrahier_Werk} }
# set_param project.pinAheadLayout  yes
# set_property target_constrs_file "Addier_Subtrahier_Werk.ucf" [current_fileset -constrset]
Adding file 'G:/Dropbox/Hobby/Programme/FPGA/Acht_Bit_Addier_Subtrahier_Werk/Addier_Subtrahier_Werk.ucf' to fileset 'constrs_1'
# add_files [list {Addier_Subtrahier_Werk.ucf}] -fileset [get_property constrset [current_run]]
# link_design
Design is defaulting to srcset: sources_1
Design is defaulting to constrset: constrs_1
Design is defaulting to project part: xc3s250evq100-4
Release 14.4 - ngc2edif P.49d (nt64)
Copyright (c) 1995-2012 Xilinx, Inc.  All rights reserved.
Reading design Addier_Subtrahier_Werk.ngc ...
WARNING:NetListWriters:298 - No output is written to
   Addier_Subtrahier_Werk.xncf, ignored.
Processing design ...
   Preping design's networks ...
   Preping design's macros ...
  finished :Prep
Writing EDIF netlist file Addier_Subtrahier_Werk.edif ...
ngc2edif: Total memory usage is 79256 kilobytes

Parsing EDIF File [./planAhead_run_2/Acht_Bit_Addier_Subtrahier_Werk.data/cache/Addier_Subtrahier_Werk_ngc_zx.edif]
Finished Parsing EDIF File [./planAhead_run_2/Acht_Bit_Addier_Subtrahier_Werk.data/cache/Addier_Subtrahier_Werk_ngc_zx.edif]
INFO: [Designutils 20-910] Reading macro library G:/Xilinx/14.4/ISE_DS/PlanAhead/data\./parts/xilinx/spartan3e/spartan3e/hd_int_macros.edn
Parsing EDIF File [G:/Xilinx/14.4/ISE_DS/PlanAhead/data\./parts/xilinx/spartan3e/spartan3e/hd_int_macros.edn]
Finished Parsing EDIF File [G:/Xilinx/14.4/ISE_DS/PlanAhead/data\./parts/xilinx/spartan3e/spartan3e/hd_int_macros.edn]
Loading clock regions from G:/Xilinx/14.4/ISE_DS/PlanAhead/data\parts/xilinx/spartan3e/spartan3e/xc3s250e/ClockRegion.xml
Loading clock buffers from G:/Xilinx/14.4/ISE_DS/PlanAhead/data\parts/xilinx/spartan3e/spartan3e/xc3s250e/ClockBuffers.xml
Loading package from G:/Xilinx/14.4/ISE_DS/PlanAhead/data\parts/xilinx/spartan3e/spartan3e/xc3s250e/vq100/Package.xml
Loading io standards from G:/Xilinx/14.4/ISE_DS/PlanAhead/data\./parts/xilinx/spartan3e/IOStandards.xml
INFO: [Device 21-19] Loading pkg sso from G:/Xilinx/14.4/ISE_DS/PlanAhead/data\parts/xilinx/spartan3e/spartan3e/xc3s250e/vq100/SSORules.xml
Loading list of drcs for the architecture : G:/Xilinx/14.4/ISE_DS/PlanAhead/data\./parts/xilinx/spartan3e/spartan3e/drc.xml
INFO: [Timing 38-77] Reading timing library G:/Xilinx/14.4/ISE_DS/PlanAhead/data\parts/xilinx/spartan3e/spartan3e/spartan3e-4.lib.
INFO: [Timing 38-34] Done reading timing library G:/Xilinx/14.4/ISE_DS/PlanAhead/data\parts/xilinx/spartan3e/spartan3e/spartan3e-4.lib.
Parsing UCF File [G:/Dropbox/Hobby/Programme/FPGA/Acht_Bit_Addier_Subtrahier_Werk/Addier_Subtrahier_Werk.ucf]
Finished Parsing UCF File [G:/Dropbox/Hobby/Programme/FPGA/Acht_Bit_Addier_Subtrahier_Werk/Addier_Subtrahier_Werk.ucf]
INFO: [Project 1-111] Unisim Transformation Summary:
No Unisim elements were transformed.

Phase 0 | Netlist Checksum: fd78dd5b
link_design: Time (s): elapsed = 00:00:08 . Memory (MB): peak = 534.875 ; gain = 116.668
set_property package_pin "" [get_ports [list  {B[7]}]]
set_property package_pin "" [get_ports [list  {B[6]}]]
set_property package_pin "" [get_ports [list  {B[5]}]]
set_property package_pin "" [get_ports [list  {B[4]}]]
set_property package_pin "" [get_ports [list  {B[3]}]]
set_property package_pin "" [get_ports [list  {B[2]}]]
set_property package_pin "" [get_ports [list  {B[1]}]]
startgroup
set_property package_pin P86 [get_ports {B[0]}]
endgroup
startgroup
set_property package_pin P85 [get_ports {B[1]}]
endgroup
startgroup
set_property package_pin P84 [get_ports {B[2]}]
endgroup
startgroup
set_property package_pin P83 [get_ports {B[3]}]
endgroup
startgroup
set_property package_pin P71 [get_ports {B[4]}]
endgroup
startgroup
set_property package_pin P70 [get_ports {B[5]}]
endgroup
startgroup
set_property package_pin P68 [get_ports {B[6]}]
endgroup
startgroup
set_property package_pin P67 [get_ports {B[7]}]
endgroup
set_property package_pin "" [get_ports [list  {A[7]}]]
set_property package_pin "" [get_ports [list  {A[6]}]]
set_property package_pin "" [get_ports [list  {A[5]}]]
set_property package_pin "" [get_ports [list  {A[4]}]]
startgroup
set_property package_pin P66 [get_ports {A[0]}]
endgroup
startgroup
set_property package_pin P65 [get_ports {A[1]}]
endgroup
startgroup
set_property package_pin P62 [get_ports {A[2]}]
endgroup
startgroup
set_property package_pin P61 [get_ports {A[3]}]
endgroup
startgroup
set_property package_pin P60 [get_ports {A[4]}]
endgroup
startgroup
set_property package_pin P58 [get_ports {A[5]}]
endgroup
startgroup
set_property package_pin P57 [get_ports {A[6]}]
endgroup
startgroup
set_property package_pin P54 [get_ports {A[7]}]
endgroup
save_constraints
exit
ERROR: [Common 17-39] 'stop_gui' failed due to earlier errors.
INFO: [Common 17-206] Exiting PlanAhead at Fri Mar 01 18:28:15 2013...
INFO: [Common 17-83] Releasing license: PlanAhead
