Release 14.4 - ngc2edif P.49d (nt64)
Copyright (c) 1995-2012 Xilinx, Inc.  All rights reserved.
Reading design ALU.ngc ...
WARNING:NetListWriters:298 - No output is written to ALU.xncf, ignored.
Processing design ...
   Preping design's networks ...
   Preping design's macros ...
  finished :Prep
Writing EDIF netlist file ALU.edif ...
ngc2edif: Total memory usage is 78872 kilobytes

Release 14.4 - ngc2edif P.49d (nt64)
Copyright (c) 1995-2012 Xilinx, Inc.  All rights reserved.
Reading design ALU.ngc ...
WARNING:NetListWriters:298 - No output is written to ALU.xncf, ignored.
Processing design ...
   Preping design's networks ...
   Preping design's macros ...
  finished :Prep
Writing EDIF netlist file ALU.edif ...
ngc2edif: Total memory usage is 79448 kilobytes

Release 14.4 - ngc2edif P.49d (nt64)
Copyright (c) 1995-2012 Xilinx, Inc.  All rights reserved.
Reading design ALU.ngc ...
WARNING:NetListWriters:298 - No output is written to ALU.xncf, ignored.
Processing design ...
   Preping design's networks ...
   Preping design's macros ...
WARNING:NetListWriters:306 - Signal bus A1/C<5 : 1> on block ALU is not
   reconstructed, because there are some missing bus signals.
  finished :Prep
Writing EDIF netlist file ALU.edif ...
ngc2edif: Total memory usage is 79256 kilobytes

Release 14.4 - ngc2edif P.49d (nt64)
Copyright (c) 1995-2012 Xilinx, Inc.  All rights reserved.
Reading design ALU.ngc ...
WARNING:NetListWriters:298 - No output is written to ALU.xncf, ignored.
Processing design ...
   Preping design's networks ...
   Preping design's macros ...
WARNING:NetListWriters:306 - Signal bus A1/C<5 : 1> on block ALU is not
   reconstructed, because there are some missing bus signals.
  finished :Prep
Writing EDIF netlist file ALU.edif ...
ngc2edif: Total memory usage is 79256 kilobytes

Release 14.4 - ngc2edif P.49d (nt64)
Copyright (c) 1995-2012 Xilinx, Inc.  All rights reserved.
Reading design ALU.ngc ...
WARNING:NetListWriters:298 - No output is written to ALU.xncf, ignored.
Processing design ...
   Preping design's networks ...
   Preping design's macros ...
  finished :Prep
Writing EDIF netlist file ALU.edif ...
ngc2edif: Total memory usage is 79256 kilobytes

Release 14.4 - ngc2edif P.49d (nt64)
Copyright (c) 1995-2012 Xilinx, Inc.  All rights reserved.
Reading design ALU.ngc ...
WARNING:NetListWriters:298 - No output is written to ALU.xncf, ignored.
Processing design ...
   Preping design's networks ...
   Preping design's macros ...
  finished :Prep
Writing EDIF netlist file ALU.edif ...
ngc2edif: Total memory usage is 79256 kilobytes

Release 14.4 - ngc2edif P.49d (nt64)
Copyright (c) 1995-2012 Xilinx, Inc.  All rights reserved.
Reading design ALU.ngc ...
WARNING:NetListWriters:298 - No output is written to ALU.xncf, ignored.
Processing design ...
   Preping design's networks ...
   Preping design's macros ...
  finished :Prep
Writing EDIF netlist file ALU.edif ...
ngc2edif: Total memory usage is 79256 kilobytes

Release 14.4 - ngc2edif P.49d (nt64)
Copyright (c) 1995-2012 Xilinx, Inc.  All rights reserved.
Reading design ALU.ngc ...
WARNING:NetListWriters:298 - No output is written to ALU.xncf, ignored.
Processing design ...
   Preping design's networks ...
   Preping design's macros ...
  finished :Prep
Writing EDIF netlist file ALU.edif ...
ngc2edif: Total memory usage is 78808 kilobytes

