ISim log file
Running: G:\Dropbox\Hobby\Programme\FPGA\Vier_Bit_Addierer\Vier_Bit_Addierer_isim_beh.exe -intstyle ise -gui -tclbatch isim.cmd -wdb G:/Dropbox/Hobby/Programme/FPGA/Vier_Bit_Addierer/Vier_Bit_Addierer_isim_beh.wdb 
ISim P.49d (signature 0x7708f090)
This is a Full version of ISim.
Time resolution is 1 ps
# onerror resume
# wave add /
# run 1000 ns
Simulator is doing circuit initialization process.
Finished circuit initialization process.
# run all
# run all
# run all
# isim force add /vier_bit_addierer/a 10 -radix dec
# run all
# run all
# run all
# isim force add /vier_bit_addierer/a 1 -radix hex
# isim force add /vier_bit_addierer/b 10 -radix bin
# run all
# run all
# run all
# run all
# run all
# isim force add /vier_bit_addierer/a 5 -radix hex
# isim force add /vier_bit_addierer/b 5 -radix hex
# run all
# isim force add /vier_bit_addierer/a 15 -radix unsigned
# isim force add /vier_bit_addierer/b 15 -radix unsigned
# run all
# isim force add /vier_bit_addierer/a 1010 -radix bin
# isim force add /vier_bit_addierer/b 1 -radix bin
# run all
# isim force add /vier_bit_addierer/a 10 -radix unsigned
# run all
# isim force add /vier_bit_addierer/a 10 -radix bin
# run all
