Release 14.4 - ngc2edif P.49d (nt64)
Copyright (c) 1995-2012 Xilinx, Inc.  All rights reserved.
Reading design Vier_Bit_Addierer.ngc ...
WARNING:NetListWriters:298 - No output is written to Vier_Bit_Addierer.xncf,
   ignored.
Processing design ...
   Preping design's networks ...
   Preping design's macros ...
  finished :Prep
Writing EDIF netlist file Vier_Bit_Addierer.edif ...
ngc2edif: Total memory usage is 75292 kilobytes

Release 14.4 - ngc2edif P.49d (nt64)
Copyright (c) 1995-2012 Xilinx, Inc.  All rights reserved.
Reading design Vier_Bit_Addierer.ngc ...
WARNING:NetListWriters:298 - No output is written to Vier_Bit_Addierer.xncf,
   ignored.
Processing design ...
   Preping design's networks ...
   Preping design's macros ...
  finished :Prep
Writing EDIF netlist file Vier_Bit_Addierer.edif ...
ngc2edif: Total memory usage is 75036 kilobytes

Release 14.4 - ngc2edif P.49d (nt64)
Copyright (c) 1995-2012 Xilinx, Inc.  All rights reserved.
Reading design Vier_Bit_Addierer.ngc ...
WARNING:NetListWriters:298 - No output is written to Vier_Bit_Addierer.xncf,
   ignored.
Processing design ...
   Preping design's networks ...
   Preping design's macros ...
  finished :Prep
Writing EDIF netlist file Vier_Bit_Addierer.edif ...
ngc2edif: Total memory usage is 75356 kilobytes

