Release 14.4 - ngc2edif P.49d (nt64)
Copyright (c) 1995-2012 Xilinx, Inc.  All rights reserved.
Reading design Komparator.ngc ...
WARNING:NetListWriters:298 - No output is written to Komparator.xncf, ignored.
Processing design ...
   Preping design's networks ...
   Preping design's macros ...
  finished :Prep
Writing EDIF netlist file Komparator.edif ...
ngc2edif: Total memory usage is 79324 kilobytes

Release 14.4 - ngc2edif P.49d (nt64)
Copyright (c) 1995-2012 Xilinx, Inc.  All rights reserved.
Reading design Komparator.ngc ...
WARNING:NetListWriters:298 - No output is written to Komparator.xncf, ignored.
Processing design ...
   Preping design's networks ...
   Preping design's macros ...
  finished :Prep
Writing EDIF netlist file Komparator.edif ...
ngc2edif: Total memory usage is 79708 kilobytes

Release 14.4 - ngc2edif P.49d (nt64)
Copyright (c) 1995-2012 Xilinx, Inc.  All rights reserved.
Reading design Komparator.ngc ...
WARNING:NetListWriters:298 - No output is written to Komparator.xncf, ignored.
Processing design ...
   Preping design's networks ...
   Preping design's macros ...
  finished :Prep
Writing EDIF netlist file Komparator.edif ...
ngc2edif: Total memory usage is 79260 kilobytes

