 0000           ;;*****************************************************************************
 0000           ;;*****************************************************************************
 0000           ;;  ADC8.asm
 0000           ;;  Version: 1.1, Updated on 2012/3/2 at 9:12:17
 0000           ;;  Generated by PSoC Designer 5.2.2551
 0000           ;;
 0000           ;;  DESCRIPTION: ADC8 User Module software implementation file.
 0000           ;;*****************************************************************************
 0000           ;;*****************************************************************************
 0000           
 0010           FLAG_XIO_MASK:     equ 10h     ; I/O Bank select for register space
 0008           FLAG_SUPER:        equ 08h     ; Supervisor Mode
 0004           FLAG_CARRY:        equ 04h     ; Carry Condition Flag
 0002           FLAG_ZERO:         equ 02h     ; Zero  Condition Flag
 0001           FLAG_GLOBAL_IE:    equ 01h     ; Glogal Interrupt Enable
 0000           
 0000           
 0000           ;;=============================================================================
 0000           ;;      Register Space, Bank 0
 0000           ;;=============================================================================
 0000           
 0000           ;------------------------------------------------
 0000           ;  Port Registers
 0000           ;  Note: Also see this address range in Bank 1.
 0000           ;------------------------------------------------
 0000           ; Port 0
 0000           PRT0DR:       equ 00h          ; Port 0 Data Register                     (RW)
 0001           PRT0IE:       equ 01h          ; Port 0 Interrupt Enable Register         (RW)
 0002           PRT0GS:       equ 02h          ; Port 0 Global Select Register            (RW)
 0003           PRT0DM2:      equ 03h          ; Port 0 Drive Mode 2                      (RW)
 0000           ; Port 1
 0004           PRT1DR:       equ 04h          ; Port 1 Data Register                     (RW)
 0005           PRT1IE:       equ 05h          ; Port 1 Interrupt Enable Register         (RW)
 0006           PRT1GS:       equ 06h          ; Port 1 Global Select Register            (RW)
 0007           PRT1DM2:      equ 07h          ; Port 1 Drive Mode 2                      (RW)
 0000           
 0000           ;------------------------------------------------
 0000           ;  Digital PSoC(tm) block Registers
 0000           ;  Note: Also see this address range in Bank 1.
 0000           ;------------------------------------------------
 0000           ; Digital PSoC block 00, Basic Type B
 0020           DBB00DR0:     equ 20h          ; data register 0                          (#)
 0021           DBB00DR1:     equ 21h          ; data register 1                          (W)
 0022           DBB00DR2:     equ 22h          ; data register 2                          (RW)
 0023           DBB00CR0:     equ 23h          ; control & status register 0              (#)
 0000           
 0000           ; Digital PSoC block 01, Basic Type B
 0024           DBB01DR0:     equ 24h          ; data register 0                          (#)
 0025           DBB01DR1:     equ 25h          ; data register 1                          (W)
 0026           DBB01DR2:     equ 26h          ; data register 2                          (RW)
 0027           DBB01CR0:     equ 27h          ; control & status register 0              (#)
 0000           
 0000           ; Digital PSoC block 02, Communications Type B
 0028           DCB02DR0:     equ 28h          ; data register 0                          (#)
 0029           DCB02DR1:     equ 29h          ; data register 1                          (W)
 002A           DCB02DR2:     equ 2Ah          ; data register 2                          (RW)
 002B           DCB02CR0:     equ 2Bh          ; control & status register 0              (#)
 0000           
 0000           ; Digital PSoC block 03, Communications Type B
 002C           DCB03DR0:     equ 2Ch          ; data register 0                          (#)
 002D           DCB03DR1:     equ 2Dh          ; data register 1                          (W)
 002E           DCB03DR2:     equ 2Eh          ; data register 2                          (RW)
 002F           DCB03CR0:     equ 2Fh          ; control & status register 0              (#)
 0000           
 0000           ;-------------------------------------
 0000           ;  Analog Control Registers
 0000           ;-------------------------------------
 0060           AMX_IN:       equ 60h          ; Analog Input Multiplexor Control         (RW)
 000C           AMX_IN_ACI1:          equ 0Ch    ; MASK: column 1 input mux
 0003           AMX_IN_ACI0:          equ 03h    ; MASK: column 0 input mux
 0000           
 0062           PWM_CR:       equ 62h          ; Pulse-Width Modulator Control
 0038           PWM_CR_HIGH:          equ 38h    ; MASK: PWM high time
 0006           PWM_CR_LOW:           equ 06h	 ; MASK: PWM low time
 0001           PWM_CR_EN:            equ 01h	 ; MASK: Enable/Disable PWM function
 0000           
 0064           CMP_CR0:      equ 64h          ; Analog Comparator Bus Register           (#)
 0020           CMP_CR0_COMP1:        equ 20h    ; MASK: Column 1 comparator state        (R)
 0010           CMP_CR0_COMP0:        equ 10h    ; MASK: Column 0 comparator state        (R)
 0002           CMP_CR0_AINT1:        equ 02h    ; MASK: Column 1 interrupt source        (RW)
 0001           CMP_CR0_AINT0:        equ 01h    ; MASK: Column 0 interrupt source        (RW)
 0000           
 0066           CMP_CR1:      equ 66h          ; Analog Comparator Bus 1 Register         (RW)
 0020           CMP_CR1_CLDIS1:       equ 20h    ; MASK: Column 1 comparator synch enable
 0010           CMP_CR1_CLDIS0:	      equ 10h    ; MASK: Column 0 comparator synch enable
 0000           
 0068           ADC0_CR:      equ 68h          ; Analog Column 0 Configuration
 0080           ADC0_CR_CMPST:        equ 80h    ;
 0040           ADC0_CR_LOREN:        equ 40h    ;
 0020           ADC0_CR_SHEN:         equ 20h    ;
 0008           ADC0_CR_CBSRC:        equ 08h    ;
 0004           ADC0_CR_ADCM:         equ 04h    ;
 0001           ADC0_CR_EN:	          equ 01h    ;
 0000           
 0069           ADC1_CR:      equ 69h          ; Analog Column 1 Configuration
 0080           ADC1_CR_CMPST:        equ 80h    ;
 0040           ADC1_CR_LOREN:        equ 40h    ;
 0020           ADC1_CR_SHEN:         equ 20h    ;
 0008           ADC1_CR_CBSRC:        equ 08h    ;
 0004           ADC1_CR_ADCM:         equ 04h    ;
 0001           ADC1_CR_EN:	          equ 01h    ;
 0000           
 0000           ; Continuous Time PSoC block Type E Row 0 Col 0
 0072           ACE00CR1:     equ 72h          ; Control register 1                       (RW)
 0073           ACE00CR2:     equ 73h          ; Control register 2                       (RW)
 0000           
 0000           ; Continuous Time PSoC block Type E Row 0 Col 1
 0076           ACE01CR1:     equ 76h          ; Control register 1                       (RW)
 0077           ACE01CR2:     equ 77h          ; Control register 2                       (RW)
 0000           
 0000           ; Switched Cap PSoC blockType E Row 1 Col 0
 0080           ASE10CR0:     equ 80h          ; Control register 0                       (RW)
 0000           
 0000           ; Switched Cap PSoC blockType E Row 1 Col 1
 0084           ASE11CR0:     equ 84h          ; Control register 0                       (RW)
 0000           
 0000           ;-----------------------------------------------
 0000           ;  Global General Purpose Data Registers
 0000           ;-----------------------------------------------
 006C           TMP_DR0:      equ 6Ch          ; Temporary Data Register 0                (RW)
 006D           TMP_DR1:      equ 6Dh          ; Temporary Data Register 1                (RW)
 006E           TMP_DR2:      equ 6Eh          ; Temporary Data Register 2                (RW)
 006F           TMP_DR3:      equ 6Fh          ; Temporary Data Register 3                (RW)
 0000           
 0000           ;------------------------------------------------
 0000           ;  Row Digital Interconnects
 0000           ;
 0000           ;  Note: the following registers are mapped into
 0000           ;  both register bank 0 AND register bank 1.
 0000           ;------------------------------------------------
 0000           
 00B0           RDI0RI:       equ 0B0h          ; Row Digital Interconnect Row 0 Input Reg (RW)
 00B1           RDI0SYN:      equ 0B1h          ; Row Digital Interconnect Row 0 Sync Reg  (RW)
 00B2           RDI0IS:       equ 0B2h          ; Row 0 Input Select Register              (RW)
 00B3           RDI0LT0:      equ 0B3h          ; Row 0 Look Up Table Register 0           (RW)
 00B4           RDI0LT1:      equ 0B4h          ; Row 0 Look Up Table Register 1           (RW)
 00B5           RDI0RO0:      equ 0B5h          ; Row 0 Output Register 0                  (RW)
 00B6           RDI0RO1:      equ 0B6h          ; Row 0 Output Register 1                  (RW)
 0000           
 0000           
 0000           ;------------------------------------------------
 0000           ;  I2C Configuration Registers
 0000           ;------------------------------------------------
 00D6           I2C_CFG:      equ 0D6h          ; I2C Configuration Register               (RW)
 0040           I2C_CFG_PINSEL:         equ 40h  ; MASK: Select P1[0] and P1[1] for I2C
 0020           I2C_CFG_BUSERR_IE:      equ 20h  ; MASK: Enable interrupt on Bus Error
 0010           I2C_CFG_STOP_IE:        equ 10h  ; MASK: Enable interrupt on Stop
 0000           I2C_CFG_CLK_RATE_100K:  equ 00h  ; MASK: I2C clock set at 100K
 0004           I2C_CFG_CLK_RATE_400K:  equ 04h  ; MASK: I2C clock set at 400K
 0008           I2C_CFG_CLK_RATE_50K:   equ 08h  ; MASK: I2C clock set at 50K
 000C           I2C_CFG_CLK_RATE:       equ 0Ch  ; MASK: I2C clock rate setting mask
 0002           I2C_CFG_PSELECT_MASTER: equ 02h  ; MASK: Enable I2C Master
 0001           I2C_CFG_PSELECT_SLAVE:  equ 01h  ; MASK: Enable I2C Slave
 0000           
 00D7           I2C_SCR:      equ 0D7h          ; I2C Status and Control Register          (#)
 0080           I2C_SCR_BUSERR:        equ 80h   ; MASK: I2C Bus Error detected           (RC)
 0040           I2C_SCR_LOSTARB:       equ 40h   ; MASK: I2C Arbitration lost             (RC)
 0020           I2C_SCR_STOP:          equ 20h   ; MASK: I2C Stop detected                (RC)
 0010           I2C_SCR_ACK:           equ 10h   ; MASK: ACK the last byte                (RW)
 0008           I2C_SCR_ADDR:          equ 08h   ; MASK: Address rcv'd is Slave address   (RC)
 0004           I2C_SCR_XMIT:          equ 04h   ; MASK: Set transfer to tranmit mode     (RW)
 0002           I2C_SCR_LRB:           equ 02h   ; MASK: Last recieved bit                (RC)
 0001           I2C_SCR_BYTECOMPLETE:  equ 01h   ; MASK: Transfer of byte complete        (RC)
 0000           
 00D8           I2C_DR:       equ 0D8h          ; I2C Data Register                        (RW)
 0000           
 00D9           I2C_MSCR:     equ 0D9h          ; I2C Master Status and Control Register   (#)
 0008           I2C_MSCR_BUSY:         equ 08h   ; MASK: I2C Busy (Start detected)        (R)
 0004           I2C_MSCR_MODE:         equ 04h   ; MASK: Start has been generated         (R)
 0002           I2C_MSCR_RESTART:      equ 02h   ; MASK: Generate a Restart condition     (RW)
 0001           I2C_MSCR_START:        equ 01h   ; MASK: Generate a Start condition       (RW)
 0000           
 0000           ;------------------------------------------------
 0000           ;  System and Global Resource Registers
 0000           ;------------------------------------------------
 00DA           INT_CLR0:     equ 0DAh          ; Interrupt Clear Register 0               (RW)
 0000                                          ; Use INT_MSK0 bit field masks
 00DB           INT_CLR1:     equ 0DBh          ; Interrupt Clear Register 1               (RW)
 0000                                          ; Use INT_MSK1 bit field masks
 00DD           INT_CLR3:     equ 0DDh          ; Interrupt Clear Register 3               (RW)
 0000                                          ; Use INT_MSK3 bit field masks
 0000           
 00DE           INT_MSK3:     equ 0DEh          ; I2C and Software Mask Register           (RW)
 0080           INT_MSK3_ENSWINT:          equ 80h ; MASK: enable/disable SW interrupt
 0001           INT_MSK3_I2C:              equ 01h ; MASK: enable/disable I2C interrupt
 0000           
 00E0           INT_MSK0:     equ 0E0h          ; General Interrupt Mask Register          (RW)
 0080           INT_MSK0_VC3:              equ 80h ; MASK: enable/disable VC3 interrupt
 0040           INT_MSK0_SLEEP:            equ 40h ; MASK: enable/disable sleep interrupt
 0020           INT_MSK0_GPIO:             equ 20h ; MASK: enable/disable GPIO  interrupt
 0004           INT_MSK0_ACOLUMN_1:        equ 04h ; MASK: enable/disable Analog col 1 interrupt
 0002           INT_MSK0_ACOLUMN_0:        equ 02h ; MASK: enable/disable Analog col 0 interrupt
 0001           INT_MSK0_VOLTAGE_MONITOR:  equ 01h ; MASK: enable/disable Volts interrupt
 0000           
 00E1           INT_MSK1:     equ 0E1h          ; Digital PSoC block Mask Register         (RW)
 0008           INT_MSK1_DCB03:            equ 08h ; MASK: enable/disable DCB03 block interrupt
 0004           INT_MSK1_DCB02:            equ 04h ; MASK: enable/disable DCB02 block interrupt
 0002           INT_MSK1_DBB01:            equ 02h ; MASK: enable/disable DBB01 block interrupt
 0001           INT_MSK1_DBB00:            equ 01h ; MASK: enable/disable DBB00 block interrupt
 0000           
 00E2           INT_VC:       equ 0E2h          ; Interrupt vector register                (RC)
 00E3           RES_WDT:      equ 0E3h          ; Watch Dog Timer Register                 (W)
 0000           
 0000           ; DECIMATOR Control Registers
 00E6           DEC_CR0:      equ 0E6h          ; Data Control Register 0                  (RW)
 00E7           DEC_CR1:      equ 0E7h          ; Data Control Register 1                  (RW)
 0000           
 0000           ;------------------------------------------------------
 0000           ;  System Status and Control Registers
 0000           ;
 0000           ;  Note: The following registers are mapped into both
 0000           ;        register bank 0 AND register bank 1.
 0000           ;------------------------------------------------------
 00F7           CPU_F:        equ 0F7h          ; CPU Flag Register Access                 (RO)
 0000                                              ; Use FLAG_ masks defined at top of file
 0000           
 00FE           CPU_SCR1:     equ 0FEh          ; CPU Status and Control Register #1       (#)
 0080           CPU_SCR1_IRESS:         equ 80h    ; MASK: flag, Internal Reset Status bit
 0010           CPU_SCR1_SLIMO:         equ 10h	   ; MASK: Slow IMO (internal main osc) enable
 0008           CPU_SCR1_ECO_ALWD_WR:   equ 08h    ; MASK: flag, ECO allowed has been written
 0004           CPU_SCR1_ECO_ALLOWED:   equ 04h    ; MASK: ECO allowed to be enabled
 0001           CPU_SCR1_IRAMDIS:       equ 01h    ; MASK: Disable RAM initialization on WDR
 0000           
 00FF           CPU_SCR0:     equ 0FFh          ; CPU Status and Control Register #2       (#)
 0080           CPU_SCR0_GIE_MASK:      equ 80h    ; MASK: Global Interrupt Enable shadow
 0020           CPU_SCR0_WDRS_MASK:     equ 20h    ; MASK: Watch Dog Timer Reset
 0010           CPU_SCR0_PORS_MASK:     equ 10h    ; MASK: power-on reset bit PORS
 0008           CPU_SCR0_SLEEP_MASK:    equ 08h    ; MASK: Enable Sleep
 0001           CPU_SCR0_STOP_MASK:     equ 01h    ; MASK: Halt CPU bit
 0000           
 0000           
 0000           ;;=============================================================================
 0000           ;;      Register Space, Bank 1
 0000           ;;=============================================================================
 0000           
 0000           ;------------------------------------------------
 0000           ;  Port Registers
 0000           ;  Note: Also see this address range in Bank 0.
 0000           ;------------------------------------------------
 0000           ; Port 0
 0000           PRT0DM0:      equ 00h          ; Port 0 Drive Mode 0                      (RW)
 0001           PRT0DM1:      equ 01h          ; Port 0 Drive Mode 1                      (RW)
 0002           PRT0IC0:      equ 02h          ; Port 0 Interrupt Control 0               (RW)
 0003           PRT0IC1:      equ 03h          ; Port 0 Interrupt Control 1               (RW)
 0000           
 0000           ; Port 1
 0004           PRT1DM0:      equ 04h          ; Port 1 Drive Mode 0                      (RW)
 0005           PRT1DM1:      equ 05h          ; Port 1 Drive Mode 1                      (RW)
 0006           PRT1IC0:      equ 06h          ; Port 1 Interrupt Control 0               (RW)
 0007           PRT1IC1:      equ 07h          ; Port 1 Interrupt Control 1               (RW)
 0000           
 0000           ;------------------------------------------------
 0000           ;  Digital PSoC(tm) block Registers
 0000           ;  Note: Also see this address range in Bank 0.
 0000           ;------------------------------------------------
 0000           
 0000           ; Digital PSoC block 00, Basic Type B
 0020           DBB00FN:      equ 20h          ; Function Register                        (RW)
 0021           DBB00IN:      equ 21h          ;    Input Register                        (RW)
 0022           DBB00OU:      equ 22h          ;   Output Register                        (RW)
 0000           
 0000           ; Digital PSoC block 01, Basic Type B
 0024           DBB01FN:      equ 24h          ; Function Register                        (RW)
 0025           DBB01IN:      equ 25h          ;    Input Register                        (RW)
 0026           DBB01OU:      equ 26h          ;   Output Register                        (RW)
 0000           
 0000           ; Digital PSoC block 02, Communications Type B
 0028           DCB02FN:      equ 28h          ; Function Register                        (RW)
 0029           DCB02IN:      equ 29h          ;    Input Register                        (RW)
 002A           DCB02OU:      equ 2Ah          ;   Output Register                        (RW)
 0000           
 0000           ; Digital PSoC block 03, Communications Type B
 002C           DCB03FN:      equ 2Ch          ; Function Register                        (RW)
 002D           DCB03IN:      equ 2Dh          ;    Input Register                        (RW)
 002E           DCB03OU:      equ 2Eh          ;   Output Register                        (RW)
 0000           
 0000           ;------------------------------------------------
 0000           ;  System and Global Resource Registers
 0000           ;  Note: Also see this address range in Bank 0.
 0000           ;------------------------------------------------
 0000           
 0060           CLK_CR0:      equ 60h          ; Analog Column Clock Select Register 0    (RW)
 000C           CLK_CR0_ACOLUMN_1:    equ 0Ch    ; MASK: Specify clock for analog cloumn
 0003           CLK_CR0_ACOLUMN_0:    equ 03h    ; MASK: Specify clock for analog cloumn
 0000           
 0061           CLK_CR1:      equ 61h          ; Analog Clock Source Select Register 1    (RW)
 0018           CLK_CR1_ACLK1:        equ 18h    ; MASK: Digital PSoC block for analog source
 0003           CLK_CR1_ACLK0:        equ 03h    ; MASK: Digital PSoC block for analog source
 0000           
 0062           ABF_CR0:      equ 62h          ; Analog Output Buffer Control Register 0  (RW)
 0080           ABF_CR0_ACOL1MUX:     equ 80h    ; MASK: Analog Column 1 Mux control
 0000           
 0063           AMD_CR0:      equ 63h          ; Analog Modulator Control Register 0      (RW)
 000F           AMD_CR0_AMOD0:        equ 0Fh    ; MASK: Modulation source for analog column 1
 0000           
 0064           CMP_GO_EN:    equ 64h          ; Comparator Bus To Global Out Enable      (RW)
 0080           CMP_GO_EN_GOO5:       equ 80h    ; MASK: Selected Col 1 signal to GOO5
 0040           CMP_GO_EN_GOO1:       equ 40h    ; MASK: Selected Col 1 signal to GOO1
 0030           CMP_GO_EN_SEL1:       equ 30h    ; MASK: Column 1 Signal Select
 0008           CMP_GO_EN_GOO4:       equ 08h    ; MASK: Selected Col 0 signal to GOO4
 0004           CMP_GO_EN_GOO0:       equ 04h    ; MASK: Selected Col 0 signal to GOO0
 0003           CMP_GO_EN_SEL0:       equ 03h    ; MASK: Column 0 Signal Select
 0000           
 0066           AMD_CR1:      equ 66h          ; Analog Modulator Control Register 1      (RW)
 000F           AMD_CR1_AMOD1:        equ 0Fh    ; MASK: Modulation ctrl for analog column 1
 0000           
 0067           ALT_CR0:      equ 67h          ; Analog Look Up Table (LUT) Register 0    (RW)
 00F0           ALT_CR0_LUT1:         equ 0F0h    ; MASK: Look up table 1 selection
 000F           ALT_CR0_LUT0:         equ 0Fh    ; MASK: Look up table 0 selection
 0000           
 006B           CLK_CR3:      equ 6Bh          ; Analog Clock Source Control Register 3   (RW)
 0040           CLK_CR3_SYS1:         equ 40h    ; MASK: Analog Clock 1 selection
 0030           CLK_CR3_DIVCLK1:      equ 30h    ; MASK: Analog Clock 1 divider
 0004           CLK_CR3_SYS0:         equ 04h    ; MASK: Analog Clock 0 selection
 0003           CLK_CR3_DIVCLK0:      equ 03h    ; MASK: Analog Clock 0 divider
 0000           
 0000           ;------------------------------------------------
 0000           ;  Global Digital Interconnects
 0000           ;------------------------------------------------
 0000           
 00D0           GDI_O_IN:     equ 0D0h          ; Global Dig Interconnect Odd Inputs Reg   (RW)
 00D1           GDI_E_IN:     equ 0D1h          ; Global Dig Interconnect Even Inputs Reg  (RW)
 00D2           GDI_O_OU:     equ 0D2h          ; Global Dig Interconnect Odd Outputs Reg  (RW)
 00D3           GDI_E_OU:     equ 0D3h          ; Global Dig Interconnect Even Outputs Reg (RW)
 0000           
 0000           ;------------------------------------------------
 0000           ;  Clock and System Control Registers
 0000           ;------------------------------------------------
 0000           
 00DD           OSC_GO_EN:    equ 0DDh          ; Oscillator to Global Outputs Enable Register (RW)
 0080           OSC_GO_EN_SLPINT:      equ 80h	 ; Enable Sleep Timer onto GOE[7]
 0040           OSC_GO_EN_VC3:         equ 40h    ; Enable VC3 onto GOE[6]
 0020           OSC_GO_EN_VC2:         equ 20h    ; Enable VC2 onto GOE[5]
 0010           OSC_GO_EN_VC1:         equ 10h    ; Enable VC1 onto GOE[4]
 0008           OSC_GO_EN_SYSCLKX2:    equ 08h    ; Enable 2X SysClk onto GOE[3]
 0004           OSC_GO_EN_SYSCLK:      equ 04h    ; Enable 1X SysClk onto GOE[2]
 0002           OSC_GO_EN_CLK24M:      equ 02h    ; Enable 24 MHz clock onto GOE[1]
 0001           OSC_GO_EN_CLK32K:      equ 01h    ; Enable 32 kHz clock onto GOE[0]
 0000           
 00DE           OSC_CR4:      equ 0DEh          ; Oscillator Control Register 4            (RW)
 0003           OSC_CR4_VC3SEL:       equ 03h    ; MASK: System VC3 Clock source
 0000           
 00DF           OSC_CR3:      equ 0DFh          ; Oscillator Control Register 3            (RW)
 0000           
 00E0           OSC_CR0:      equ 0E0h          ; System Oscillator Control Register 0     (RW)
 0080           OSC_CR0_32K_SELECT:   equ 80h    ; MASK: Enable/Disable External XTAL Osc
 0040           OSC_CR0_PLL_MODE:     equ 40h    ; MASK: Enable/Disable PLL
 0020           OSC_CR0_NO_BUZZ:      equ 20h    ; MASK: Bandgap always powered/BUZZ bandgap
 0018           OSC_CR0_SLEEP:        equ 18h    ; MASK: Set Sleep timer freq/period
 0000           OSC_CR0_SLEEP_512Hz:  equ 00h    ;     Set sleep bits for 1.95ms period
 0008           OSC_CR0_SLEEP_64Hz:   equ 08h    ;     Set sleep bits for 15.6ms period
 0010           OSC_CR0_SLEEP_8Hz:    equ 10h    ;     Set sleep bits for 125ms period
 0018           OSC_CR0_SLEEP_1Hz:    equ 18h    ;     Set sleep bits for 1 sec period
 0007           OSC_CR0_CPU:          equ 07h    ; MASK: Set CPU Frequency
 0000           OSC_CR0_CPU_3MHz:     equ 00h    ;     set CPU Freq bits for 3MHz Operation
 0001           OSC_CR0_CPU_6MHz:     equ 01h    ;     set CPU Freq bits for 6MHz Operation
 0002           OSC_CR0_CPU_12MHz:    equ 02h    ;     set CPU Freq bits for 12MHz Operation
 0003           OSC_CR0_CPU_24MHz:    equ 03h    ;     set CPU Freq bits for 24MHz Operation
 0004           OSC_CR0_CPU_1d5MHz:   equ 04h    ;     set CPU Freq bits for 1.5MHz Operation
 0005           OSC_CR0_CPU_750kHz:   equ 05h    ;     set CPU Freq bits for 750kHz Operation
 0006           OSC_CR0_CPU_187d5kHz: equ 06h    ;     set CPU Freq bits for 187.5kHz Operation
 0007           OSC_CR0_CPU_93d7kHz:  equ 07h    ;     set CPU Freq bits for 93.7kHz Operation
 0000           
 00E1           OSC_CR1:      equ 0E1h          ; System VC1/VC2 Divider Control Register  (RW)
 00F0           OSC_CR1_VC1:          equ 0F0h    ; MASK: System VC1 24MHz/External Clk divider
 000F           OSC_CR1_VC2:          equ 0Fh    ; MASK: System VC2 24MHz/External Clk divider
 0000           
 00E2           OSC_CR2:      equ 0E2h          ; Oscillator Control Register 2            (RW)
 0080           OSC_CR2_PLLGAIN:      equ 80h    ; MASK: High/Low gain
 0004           OSC_CR2_EXTCLKEN:     equ 04h    ; MASK: Enable/Disable External Clock
 0002           OSC_CR2_IMODIS:       equ 02h    ; MASK: Enable/Disable System (IMO) Clock Net
 0001           OSC_CR2_SYSCLKX2DIS:  equ 01h    ; MASK: Enable/Disable 48MHz clock source
 0000           
 00E3           VLT_CR:       equ 0E3h          ; Voltage Monitor Control Register         (RW)
 0080           VLT_CR_SMP:           equ 80h    ; MASK: Enable Switch Mode Pump
 0030           VLT_CR_PORLEV:        equ 30h    ; MASK: Mask for Power on Reset level control
 0000           VLT_CR_POR_LOW:       equ 00h    ;   Lowest  Precision Power-on Reset trip point
 0010           VLT_CR_POR_MID:       equ 10h    ;   Middle  Precision Power-on Reset trip point
 0020           VLT_CR_POR_HIGH:      equ 20h    ;   Highest Precision Power-on Reset trip point
 0008           VLT_CR_LVDTBEN:       equ 08h    ; MASK: Enable the CPU Throttle Back on LVD
 0007           VLT_CR_VM:            equ 07h    ; MASK: Mask for Voltage Monitor level setting
 0000           
 00E4           VLT_CMP:      equ 0E4h          ; Voltage Monitor Comparators Register     (R)
 0008           VLT_CMP_NOWRITE:      equ 08h    ; MASK: Vcc below allowed flash write level
 0004           VLT_CMP_PUMP:         equ 04h    ; MASK: Vcc below SMP trip level
 0002           VLT_CMP_LVD:          equ 02h    ; MASK: Vcc below LVD trip level
 0001           VLT_CMP_PPOR:         equ 01h    ; MASK: Vcc below PPOR trip level
 0000           
 00E5           ADC0_TR:      equ 0E5h		   ; ADC Column 0 Trim Register               (RW)
 00E6           ADC1_TR:      equ 0E6h          ; ADC Column 1 Trim Register               (RW)
 0000           
 00E8           IMO_TR:       equ 0E8h          ; Internal Main Oscillator Trim Register   (W)
 00E9           ILO_TR:       equ 0E9h          ; Internal Low-speed Oscillator Trim       (W)
 00EA           BDG_TR:       equ 0EAh          ; Band Gap Trim Register                   (W)
 00EB           ECO_TR:       equ 0EBh          ; External Oscillator Trim Register        (W)
 0000           
 00FA           FLS_PR1:      equ 0FAh          ; Flash Program Register 1                 (RW)
 0003           FLS_PR1_BANK:         equ 03h    ; MASK: Select Active Flash Bank
 0000           
 0000           ;;=============================================================================
 0000           ;;      M8C System Macros
 0000           ;;  These macros should be used when their functions are needed.
 0000           ;;=============================================================================
 0000           
 0000           ;----------------------------------------------------
 0000           ;  Swapping Register Banks
 0000           ;----------------------------------------------------
 0000               macro M8C_SetBank0
 0000               and   F, ~FLAG_XIO_MASK
 0000               macro M8C_SetBank1
 0000               or    F, FLAG_XIO_MASK
 0000               macro M8C_EnableGInt
 0000               or    F, FLAG_GLOBAL_IE
 0000               macro M8C_DisableGInt
 0000               and   F, ~FLAG_GLOBAL_IE
 0000               macro M8C_DisableIntMask
 0000               and   reg[@0], ~@1              ; disable specified interrupt enable bit
 0000               macro M8C_EnableIntMask
 0000               or    reg[@0], @1               ; enable specified interrupt enable bit
 0000               macro M8C_ClearIntFlag
 0000               mov   reg[@0], ~@1              ; clear specified interrupt enable bit
 0000               macro M8C_EnableWatchDog
 0000               and   reg[CPU_SCR0], ~CPU_SCR0_PORS_MASK
 0000               macro M8C_ClearWDT
 0000               mov   reg[RES_WDT], 00h
 0000               macro M8C_ClearWDTAndSleep
 0000               mov   reg[RES_WDT], 38h
 0000               macro M8C_Sleep
 0000               or    reg[CPU_SCR0], CPU_SCR0_SLEEP_MASK
 0000               ; The next instruction to be executed depends on the state of the
 0000               ; various interrupt enable bits. If some interrupts are enabled
 0000               ; and the global interrupts are disabled, the next instruction will
 0000               ; be the one that follows the invocation of this macro. If global
 0000               ; interrupts are also enabled then the next instruction will be
 0000               ; from the interrupt vector table. If no interrupts are enabled
 0000               ; then the CPU sleeps forever.
 0000               macro M8C_Stop
 0000               ; In general, you probably don't want to do this, but here's how:
 0000               or    reg[CPU_SCR0], CPU_SCR0_STOP_MASK
 0000               ; Next instruction to be executed is located in the interrupt
 0000               ; vector table entry for Power-On Reset.
 0000               macro M8C_Reset
 0000               ; Restore CPU to the power-on reset state.
 0000               mov A, 0
 0000               SSC
 0000               ; Next non-supervisor instruction will be at interrupt vector 0.
 0000               macro Suspend_CodeCompressor
 0000               or   F, 0
 0000               macro Resume_CodeCompressor
 0000               add  SP, 0
 0000           SYSTEM_STACK_PAGE: equ 0   
 0000           SYSTEM_STACK_BASE_ADDR: equ 0h   
 0000           SYSTEM_LARGE_MEMORY_MODEL: equ 0   
 0001           SYSTEM_SMALL_MEMORY_MODEL: equ 1   
 0001           IMAGECRAFT: equ 1   
 0002           HITECH: equ 2   
 0001           TOOLCHAIN: equ IMAGECRAFT   
 0001           SYSTEM_TOOLS: equ 1   
 0001           SYSTEM_IDXPG_TRACKS_STK_PP: equ 1   
 0000           SYSTEM_IDXPG_TRACKS_IDX_PP: equ 0   
 0000           SYSTEM_MULTIPAGE_STACK: equ 0 
 0000           
 0000           
 0000           ;  ******* Function Class Definitions *******
 0000           ;
 0000           ;  These definitions are used to describe RAM access patterns. They provide
 0000           ;  documentation and they control prologue and epilogue macros that perform
 0000           ;  the necessary housekeeping functions for large memory model devices like
 0000           ;  the CY8C21020.
 0000           
 0001           RAM_USE_CLASS_1:               equ 1   ; PUSH, POP & I/O access
 0002           RAM_USE_CLASS_2:               equ 2   ; Indexed address mode on stack page
 0004           RAM_USE_CLASS_3:               equ 4   ; Indexed address mode to any page
 0008           RAM_USE_CLASS_4:               equ 8   ; Direct/Indirect address mode access
 0000           
 0000           ; ******* Hi Tech Specific *******
 0000           ; Turn on the expansion of all macros by default
                IF (TOOLCHAIN & HITECH)
                OPT EXPAND
                ENDIF
                ;  ******* Page Pointer Manipulation Macros *******
                ;
                ;  Most of the following macros are conditionally compiled so they only
                ;  produce code if the large memory model is selected.
                
                   ;-----------------------------------------------
                   ;  Set Stack Page Macro
                   ;-----------------------------------------------
                   ;
                   ;  DESC: Modify STK_PP in the large or small memory Models.
                   ;
                   ; INPUT: Constant (e.g., SYSTEM_STACK_PAGE) that specifies the RAM page on
                   ;        which stack operations like PUSH and POP store and retrieve their
                   ;        data
                   ;
                   ;  COST: 8 instruction cycles (in LMM only)
                
 0000              macro RAM_SETPAGE_STK( PG_NUMBER )
 0000              IF ( SYSTEM_LARGE_MEMORY_MODEL )
 0000                 mov reg[STK_PP], @PG_NUMBER
 0000              ENDIF
 0000              macro RAM_SETPAGE_CUR( PG_NUMBER )
 0000              IF ( SYSTEM_LARGE_MEMORY_MODEL )
 0000                 mov reg[CUR_PP], @PG_NUMBER
 0000              ENDIF
 0000              macro RAM_SETPAGE_IDX( PG_NUMBER )
 0000              IF ( SYSTEM_LARGE_MEMORY_MODEL )
 0000                 mov reg[IDX_PP], @PG_NUMBER
 0000              ENDIF
 0000              macro RAM_SETPAGE_MVR( PG_NUMBER )
 0000              IF ( SYSTEM_LARGE_MEMORY_MODEL )
 0000                 mov reg[MVR_PP], @PG_NUMBER
 0000              ENDIF
 0000              macro RAM_SETPAGE_MVW( PG_NUMBER )
 0000              IF ( SYSTEM_LARGE_MEMORY_MODEL )
 0000                 mov reg[MVW_PP], @PG_NUMBER
 0000              ENDIF
 0000              macro RAM_SETPAGE_IDX2STK
 0000              IF ( SYSTEM_LARGE_MEMORY_MODEL )
 0000                 IF ( SYSTEM_MULTIPAGE_STACK )
 0000                    mov   A, reg[STK_PP]
 0000                    mov   reg[IDX_PP], A
 0000                 ELSE
 0000                    RAM_SETPAGE_IDX SYSTEM_STACK_PAGE
 0000                 ENDIF
 0000              ENDIF
 0000              macro RAM_CHANGE_PAGE_MODE( MODE )
 0000              IF ( SYSTEM_LARGE_MEMORY_MODEL )
 0000                 and   F, ~FLAG_PGMODE_MASK        ; NOTE: transition thru 00b state
 0000                 or    F,  FLAG_PGMODE_MASK & @MODE
 0000              ENDIF
 0000              macro RAM_SET_NATIVE_PAGING
 0000              IF ( SYSTEM_LARGE_MEMORY_MODEL )
 0000              IF ( SYSTEM_IDXPG_TRACKS_STK_PP )
 0000                 or    F,  FLAG_PGMODE_11b            ; LMM w/ IndexPage<==>StackPage
 0000              ENDIF ;  PGMODE LOCKED
 0000              IF ( SYSTEM_IDXPG_TRACKS_IDX_PP )
 0000                 or    F,  FLAG_PGMODE_10b            ; LMM with independent IndexPage
 0000              ENDIF ; PGMODE FREE
 0000              ENDIF ; SYSTEM_LARGE_MEMORY_MODEL
 0000              macro RAM_RESTORE_NATIVE_PAGING
 0000              IF ( SYSTEM_LARGE_MEMORY_MODEL )
 0000              IF ( SYSTEM_IDXPG_TRACKS_STK_PP )
 0000                 RAM_CHANGE_PAGE_MODE FLAG_PGMODE_11b ; LMM w/ IndexPage<==>StackPage
 0000              ENDIF ;  PGMODE LOCKED
 0000              IF ( SYSTEM_IDXPG_TRACKS_IDX_PP )
 0000                 RAM_CHANGE_PAGE_MODE FLAG_PGMODE_10b ; LMM with independent IndexPage
 0000              ENDIF ; PGMODE FREE
 0000              ENDIF ; SYSTEM_LARGE_MEMORY_MODEL
 0000              macro RAM_X_POINTS_TO_STACKPAGE
 0000              IF ( SYSTEM_LARGE_MEMORY_MODEL )
 0000                 or   F, FLAG_PGMODE_01b
 0000              ENDIF ;  SYSTEM_LARGE_MEMORY_MODEL
 0000              macro RAM_X_POINTS_TO_INDEXPAGE
 0000              IF ( SYSTEM_LARGE_MEMORY_MODEL )
 0000                 and  F, ~FLAG_PGMODE_01b
 0000              ENDIF ;  SYSTEM_LARGE_MEMORY_MODEL
 0000              macro RAM_PROLOGUE( ACTUAL_CLASS )
 0000           
 0000              IF ( @ACTUAL_CLASS & RAM_USE_CLASS_1 )
 0000              ; Nothing to do
 0000              ENDIF ; RAM_USE_CLASS_1
 0000           
 0000              IF ( @ACTUAL_CLASS & RAM_USE_CLASS_2 )
 0000                 IF ( SYSTEM_IDXPG_TRACKS_IDX_PP )
 0000                    RAM_X_POINTS_TO_STACKPAGE         ; exit native paging mode!
 0000                 ENDIF
 0000              ENDIF ; RAM_USE_CLASS_2
 0000           
 0000              IF ( @ACTUAL_CLASS & RAM_USE_CLASS_3 )
 0000                 IF ( SYSTEM_IDXPG_TRACKS_STK_PP )
 0000                    RAM_X_POINTS_TO_INDEXPAGE         ; exit native paging mode!
 0000                 ENDIF
 0000              ENDIF ; RAM_USE_CLASS_3
 0000           
 0000              IF ( @ACTUAL_CLASS & RAM_USE_CLASS_4 )
 0000              ; Nothing to do
 0000              ENDIF ; RAM_USE_CLASS_4
 0000           
 0000              macro RAM_EPILOGUE( ACTUAL_CLASS )
 0000           
 0000              IF ( @ACTUAL_CLASS & RAM_USE_CLASS_1 )
 0000              ; Nothing to do
 0000              ENDIF ; RAM_USE_CLASS_1
 0000           
 0000              IF ( @ACTUAL_CLASS & RAM_USE_CLASS_2 )
 0000                 RAM_RESTORE_NATIVE_PAGING
 0000              ENDIF ; RAM_USE_CLASS_2
 0000           
 0000              IF ( @ACTUAL_CLASS & RAM_USE_CLASS_3 )
 0000                 RAM_RESTORE_NATIVE_PAGING
 0000              ENDIF ; RAM_USE_CLASS_3
 0000           
 0000              IF ( @ACTUAL_CLASS & RAM_USE_CLASS_4 )
 0000              ; Nothing to do
 0000              ENDIF ; RAM_USE_CLASS_4
 0000           
 0000              macro REG_PRESERVE( IOReg )
 0000              mov   A, reg[ @IOReg ]
 0000              push  A
 0000              macro REG_RESTORE( IOReg )
 0000              pop   A
 0000              mov   reg[ @IOReg ], A
 0000              macro ISR_PRESERVE_PAGE_POINTERS
 0000              IF ( SYSTEM_LARGE_MEMORY_MODEL )
 0000                 REG_PRESERVE CUR_PP
 0000                 REG_PRESERVE IDX_PP
 0000                 REG_PRESERVE MVR_PP
 0000                 REG_PRESERVE MVW_PP
 0000              ENDIF
 0000              macro ISR_RESTORE_PAGE_POINTERS
 0000              IF ( SYSTEM_LARGE_MEMORY_MODEL )
 0000                 REG_RESTORE MVW_PP
 0000                 REG_RESTORE MVR_PP
 0000                 REG_RESTORE IDX_PP
 0000                 REG_RESTORE CUR_PP
 0000              ENDIF
 0000           macro PRESERVE_CPU_CONTEXT
 0000           IF ( TOOLCHAIN & IMAGECRAFT )
 0000             PUSH A
 0000             IF ( SYSTEM_LARGE_MEMORY_MODEL )
 0000               ISR_PRESERVE_PAGE_POINTERS
 0000               RAM_RESTORE_NATIVE_PAGING
 0000               MOV reg[CUR_PP], >__r0 ;Set CUR_PP to same page as virtual registers
 0000             ENDIF
 0000             MOV A, [__r0]
 0000             PUSH A
 0000             MOV A, [__r1]
 0000             PUSH A
 0000             MOV A, [__r2]
 0000             PUSH A
 0000             MOV A, [__r3]
 0000             PUSH A
 0000             MOV A, [__r4]
 0000             PUSH A
 0000             MOV A, [__r5]
 0000             PUSH A
 0000             MOV A, [__r6]
 0000             PUSH A
 0000             MOV A, [__r7]
 0000             PUSH A
 0000             MOV A, [__r8]
 0000             PUSH A
 0000             MOV A, [__r9]
 0000             PUSH A
 0000             MOV A, [__r10]
 0000             PUSH A
 0000             MOV A, [__r11]
 0000             PUSH A
 0000             MOV A, [__rX]
 0000             PUSH A
 0000             MOV A, [__rY]
 0000             PUSH A
 0000             MOV A, [__rZ]
 0000             PUSH A
 0000             IF ( SYSTEM_LARGE_MEMORY_MODEL )
 0000               MOV REG[CUR_PP], 0
 0000             ENDIF
 0000           ENDIF
 0000           macro RESTORE_CPU_CONTEXT
 0000           IF ( TOOLCHAIN & IMAGECRAFT )
 0000             IF ( SYSTEM_LARGE_MEMORY_MODEL )
 0000               RAM_RESTORE_NATIVE_PAGING
 0000               MOV reg[CUR_PP], >__r0 ;Set CUR_PP to same page as virtual registers
 0000             ENDIF
 0000             POP A
 0000             MOV [__rZ], A
 0000             POP A
 0000             MOV [__rY], A
 0000             POP A
 0000             MOV [__rX], A
 0000             POP A
 0000             MOV [__r11], A
 0000             POP A
 0000             MOV [__r10], A
 0000             POP A
 0000             MOV [__r9], A
 0000             POP A
 0000             MOV [__r8], A
 0000             POP A
 0000             MOV [__r7], A
 0000             POP A
 0000             MOV [__r6], A
 0000             POP A
 0000             MOV [__r5], A
 0000             POP A
 0000             MOV [__r4], A
 0000             POP A
 0000             MOV [__r3], A
 0000             POP A
 0000             MOV [__r2], A
 0000             POP A
 0000             MOV [__r1], A
 0000             POP A
 0000             MOV [__r0], A
 0000             IF ( SYSTEM_LARGE_MEMORY_MODEL )
 0000               ISR_RESTORE_PAGE_POINTERS
 0000               AND F, FLAG_PGMODE_0
 0000             ENDIF
 0000             POP A
 0000           ENDIF
 0008           PWM_High:      equ 8h
 0002           PWM_Low:       equ 2h
 0000           
 00E0           ADC8_ADCIntReg:                             equ  0e0h
 0002           ADC8_ADCMask:                               equ  02h
 0000           
 0000           ADC8_OFF:                              equ  0
 0001           ADC8_ON:                               equ  1
 0000           
 0000           ;--------------------------------------------------
 0000           ; Registers Address Constants for ADC8
 0000           ;--------------------------------------------------
 0000           
 0001           ADC8_LOWRANGE:		                       equ  01h
 0003           ADC8_FULLRANGE:                        equ  03h
 0000           
 0003           ADC8_CAL_VBG:		                        equ  03h
 0007           ADC8_CAL_AMUXBUS:	                     equ  07h
 0010           ADC8_CAL_P0_0:		                       equ  10h
 0090           ADC8_CAL_P0_1:		                       equ  90h
 0014           ADC8_CAL_P0_2:		                       equ  14h
 0091           ADC8_CAL_P0_3:		                       equ  91h
 0018           ADC8_CAL_P0_4:		                       equ  18h
 0092           ADC8_CAL_P0_5:		                       equ  92h
 001C           ADC8_CAL_P0_6:		                       equ  1Ch
 0093           ADC8_CAL_P0_7:		                       equ  93h
 0000           
 0000           
 0080           ADC8_ASE_CR0:   equ 80h
 0072           ADC8_ACE_CR1:   equ 72h
 0073           ADC8_ACE_CR2:   equ 73h
 0068           ADC8_ADC_CR:    equ 68h
 00E5           ADC8_ADC_TR:    equ e5h
 0000           
 0020           ADC8_CNT_FN:    equ 20h
 0021           ADC8_CNT_IN:    equ 21h
 0022           ADC8_CNT_OUT:   equ 22h
 0020           ADC8_CNT_DR0:   equ 20h
 0021           ADC8_CNT_DR1:   equ 21h
 0022           ADC8_CNT_DR2:   equ 22h
 0023           ADC8_CNT_CR0:   equ 23h
 0000           
 0000           
 0000                 
 0000           ;-----------------------------------------------
 0000           ;  Global Symbols
 0000           ;-----------------------------------------------
 0000           
                export _ADC8_Start
                export  ADC8_Start
                export _ADC8_Stop
                export  ADC8_Stop
                export _ADC8_StartADC
                export  ADC8_StartADC
                export _ADC8_StopADC
                export  ADC8_StopADC
                export _ADC8_fIsDataAvailable
                export  ADC8_fIsDataAvailable
                export _ADC8_bGetData
                export  ADC8_bGetData
                export _ADC8_ClearFlag
                export  ADC8_ClearFlag
                export _ADC8_bGetDataClearFlag
                export  ADC8_bGetDataClearFlag
                export _ADC8_bCal
                export  ADC8_bCal
                
                
 0000           .SECTION
 0000           ;-----------------------------------------------------------------------------
 0000           ;  FUNCTION NAME: ADC8_Start
 0000           ;
 0000           ;  DESCRIPTION:
 0000           ;  Applies power setting to the module's analog blocks
 0000           ;
 0000           ;-----------------------------------------------------------------------------
 0000           ;
 0000           ;  ARGUMENTS: 
 0000           ;     A has Power Level to use
 0000           ; 
 0000           ;  RETURNS: None
 0000           ;
 0000           ;-----------------------------------------------------------------------------
 0000            ADC8_Start:
 0000           _ADC8_Start:
                   IF ( RAM_USE_CLASS_1 & RAM_USE_CLASS_1 )
                   ; Nothing to do
                   ENDIF ; RAM_USE_CLASS_1
                
                   IF ( RAM_USE_CLASS_1 & RAM_USE_CLASS_2 )
                      IF ( SYSTEM_IDXPG_TRACKS_IDX_PP )
                   IF ( SYSTEM_LARGE_MEMORY_MODEL )
                      or   F, FLAG_PGMODE_01b
                   ENDIF ;  SYSTEM_LARGE_MEMORY_MODEL
                      ENDIF
                   ENDIF ; RAM_USE_CLASS_2
                
                   IF ( RAM_USE_CLASS_1 & RAM_USE_CLASS_3 )
                      IF ( SYSTEM_IDXPG_TRACKS_STK_PP )
                   IF ( SYSTEM_LARGE_MEMORY_MODEL )
                      and  F, ~FLAG_PGMODE_01b
                   ENDIF ;  SYSTEM_LARGE_MEMORY_MODEL
                      ENDIF
                   ENDIF ; RAM_USE_CLASS_3
                
                   IF ( RAM_USE_CLASS_1 & RAM_USE_CLASS_4 )
                   ; Nothing to do
                   ENDIF ; RAM_USE_CLASS_4
                
                ;Turn on Power to analog block
 0000 6073         mov   reg[ADC8_ACE_CR2],A
 0002           
 0002 5068         mov   A, ADC8_ADC_CR
 0004 3968         cmp   A, 68h
 0006 B009         jnz   .Column1
 0008           .Column0:
 0008 626411       mov   reg[CMP_CR0],11h  ;specify column interrupt
 000B 62E611       mov   reg[DEC_CR0],11h   ;gate the comp1
 000E 8007         jmp   .SkipCol1
 0010           .Column1:
 0010 626422       mov   reg[CMP_CR0],22h  ;specify column interrupt
 0013 62E622       mov   reg[DEC_CR0],22h   ;gate the comp1
 0016           .SkipCol1:
 0016           
 0016 62620A       mov   reg[PWM_CR], (PWM_High+PWM_Low)              
 0019           ;Turn on Power to ADC Control
 0019 436801       or    reg[ADC8_ADC_CR], ADC8_ON
                   IF ( RAM_USE_CLASS_1 & RAM_USE_CLASS_1 )
                   ; Nothing to do
                   ENDIF ; RAM_USE_CLASS_1
                
                   IF ( RAM_USE_CLASS_1 & RAM_USE_CLASS_2 )
                   IF ( SYSTEM_LARGE_MEMORY_MODEL )
                   IF ( SYSTEM_IDXPG_TRACKS_STK_PP )
                   IF ( SYSTEM_LARGE_MEMORY_MODEL )
                      and   F, ~FLAG_PGMODE_MASK        ; NOTE: transition thru 00b state
                      or    F,  FLAG_PGMODE_MASK & FLAG_PGMODE_11b
                   ENDIF
                   ENDIF ;  PGMODE LOCKED
                   IF ( SYSTEM_IDXPG_TRACKS_IDX_PP )
                   IF ( SYSTEM_LARGE_MEMORY_MODEL )
                      and   F, ~FLAG_PGMODE_MASK        ; NOTE: transition thru 00b state
                      or    F,  FLAG_PGMODE_MASK & FLAG_PGMODE_10b
                   ENDIF
                   ENDIF ; PGMODE FREE
                   ENDIF ; SYSTEM_LARGE_MEMORY_MODEL
                   ENDIF ; RAM_USE_CLASS_2
                
                   IF ( RAM_USE_CLASS_1 & RAM_USE_CLASS_3 )
                   IF ( SYSTEM_LARGE_MEMORY_MODEL )
                   IF ( SYSTEM_IDXPG_TRACKS_STK_PP )
                   IF ( SYSTEM_LARGE_MEMORY_MODEL )
                      and   F, ~FLAG_PGMODE_MASK        ; NOTE: transition thru 00b state
                      or    F,  FLAG_PGMODE_MASK & FLAG_PGMODE_11b
                   ENDIF
                   ENDIF ;  PGMODE LOCKED
                   IF ( SYSTEM_IDXPG_TRACKS_IDX_PP )
                   IF ( SYSTEM_LARGE_MEMORY_MODEL )
                      and   F, ~FLAG_PGMODE_MASK        ; NOTE: transition thru 00b state
                      or    F,  FLAG_PGMODE_MASK & FLAG_PGMODE_10b
                   ENDIF
                   ENDIF ; PGMODE FREE
                   ENDIF ; SYSTEM_LARGE_MEMORY_MODEL
                   ENDIF ; RAM_USE_CLASS_3
                
                   IF ( RAM_USE_CLASS_1 & RAM_USE_CLASS_4 )
                   ; Nothing to do
                   ENDIF ; RAM_USE_CLASS_4
                
 001C 7F           ret
 001D           .ENDSECTION
 001D           
 001D           .SECTION
 001D           ;-----------------------------------------------------------------------------
 001D           ;  FUNCTION NAME: ADC8_Stop
 001D           ;
 001D           ;  DESCRIPTION:
 001D           ;  Removes power setting to the module's analog blocks.
 001D           ;
 001D           ;-----------------------------------------------------------------------------
 001D           ;
 001D           ;  ARGUMENTS: None
 001D           ;
 001D           ;  RETURNS:   None
 001D           ;
 001D           ;-----------------------------------------------------------------------------
 001D            ADC8_Stop:
 001D           _ADC8_Stop:
                   IF ( RAM_USE_CLASS_1 & RAM_USE_CLASS_1 )
                   ; Nothing to do
                   ENDIF ; RAM_USE_CLASS_1
                
                   IF ( RAM_USE_CLASS_1 & RAM_USE_CLASS_2 )
                      IF ( SYSTEM_IDXPG_TRACKS_IDX_PP )
                   IF ( SYSTEM_LARGE_MEMORY_MODEL )
                      or   F, FLAG_PGMODE_01b
                   ENDIF ;  SYSTEM_LARGE_MEMORY_MODEL
                      ENDIF
                   ENDIF ; RAM_USE_CLASS_2
                
                   IF ( RAM_USE_CLASS_1 & RAM_USE_CLASS_3 )
                      IF ( SYSTEM_IDXPG_TRACKS_STK_PP )
                   IF ( SYSTEM_LARGE_MEMORY_MODEL )
                      and  F, ~FLAG_PGMODE_01b
                   ENDIF ;  SYSTEM_LARGE_MEMORY_MODEL
                      ENDIF
                   ENDIF ; RAM_USE_CLASS_3
                
                   IF ( RAM_USE_CLASS_1 & RAM_USE_CLASS_4 )
                   ; Nothing to do
                   ENDIF ; RAM_USE_CLASS_4
                
                ;Turn off Power to analog block
 001D 4173FE       and   reg[ADC8_ACE_CR2],~ADC8_ON
 0020           ;Turn off Power to ADC Control
 0020 4168FE       and   reg[ADC8_ADC_CR], ~ADC8_ON
                   IF ( RAM_USE_CLASS_1 & RAM_USE_CLASS_1 )
                   ; Nothing to do
                   ENDIF ; RAM_USE_CLASS_1
                
                   IF ( RAM_USE_CLASS_1 & RAM_USE_CLASS_2 )
                   IF ( SYSTEM_LARGE_MEMORY_MODEL )
                   IF ( SYSTEM_IDXPG_TRACKS_STK_PP )
                   IF ( SYSTEM_LARGE_MEMORY_MODEL )
                      and   F, ~FLAG_PGMODE_MASK        ; NOTE: transition thru 00b state
                      or    F,  FLAG_PGMODE_MASK & FLAG_PGMODE_11b
                   ENDIF
                   ENDIF ;  PGMODE LOCKED
                   IF ( SYSTEM_IDXPG_TRACKS_IDX_PP )
                   IF ( SYSTEM_LARGE_MEMORY_MODEL )
                      and   F, ~FLAG_PGMODE_MASK        ; NOTE: transition thru 00b state
                      or    F,  FLAG_PGMODE_MASK & FLAG_PGMODE_10b
                   ENDIF
                   ENDIF ; PGMODE FREE
                   ENDIF ; SYSTEM_LARGE_MEMORY_MODEL
                   ENDIF ; RAM_USE_CLASS_2
                
                   IF ( RAM_USE_CLASS_1 & RAM_USE_CLASS_3 )
                   IF ( SYSTEM_LARGE_MEMORY_MODEL )
                   IF ( SYSTEM_IDXPG_TRACKS_STK_PP )
                   IF ( SYSTEM_LARGE_MEMORY_MODEL )
                      and   F, ~FLAG_PGMODE_MASK        ; NOTE: transition thru 00b state
                      or    F,  FLAG_PGMODE_MASK & FLAG_PGMODE_11b
                   ENDIF
                   ENDIF ;  PGMODE LOCKED
                   IF ( SYSTEM_IDXPG_TRACKS_IDX_PP )
                   IF ( SYSTEM_LARGE_MEMORY_MODEL )
                      and   F, ~FLAG_PGMODE_MASK        ; NOTE: transition thru 00b state
                      or    F,  FLAG_PGMODE_MASK & FLAG_PGMODE_10b
                   ENDIF
                   ENDIF ; PGMODE FREE
                   ENDIF ; SYSTEM_LARGE_MEMORY_MODEL
                   ENDIF ; RAM_USE_CLASS_3
                
                   IF ( RAM_USE_CLASS_1 & RAM_USE_CLASS_4 )
                   ; Nothing to do
                   ENDIF ; RAM_USE_CLASS_4
                
 0023 7F           ret
 0024           .ENDSECTION
 0024           
 0024           .SECTION
 0024           ;-----------------------------------------------------------------------------
 0024           ;  FUNCTION NAME: ADC8_StartADC
 0024           ;
 0024           ;  DESCRIPTION:
 0024           ;  Starts the A/D convertor
 0024           ;
 0024           ;-----------------------------------------------------------------------------
 0024           ;
 0024           ;  ARGUMENTS: None
 0024           ;
 0024           ;  RETURNS: None
 0024           ;
 0024           ;-----------------------------------------------------------------------------
 0024            ADC8_StartADC:
 0024           _ADC8_StartADC:
                   IF ( RAM_USE_CLASS_4 & RAM_USE_CLASS_1 )
                   ; Nothing to do
                   ENDIF ; RAM_USE_CLASS_1
                
                   IF ( RAM_USE_CLASS_4 & RAM_USE_CLASS_2 )
                      IF ( SYSTEM_IDXPG_TRACKS_IDX_PP )
                   IF ( SYSTEM_LARGE_MEMORY_MODEL )
                      or   F, FLAG_PGMODE_01b
                   ENDIF ;  SYSTEM_LARGE_MEMORY_MODEL
                      ENDIF
                   ENDIF ; RAM_USE_CLASS_2
                
                   IF ( RAM_USE_CLASS_4 & RAM_USE_CLASS_3 )
                      IF ( SYSTEM_IDXPG_TRACKS_STK_PP )
                   IF ( SYSTEM_LARGE_MEMORY_MODEL )
                      and  F, ~FLAG_PGMODE_01b
                   ENDIF ;  SYSTEM_LARGE_MEMORY_MODEL
                      ENDIF
                   ENDIF ; RAM_USE_CLASS_3
                
                   IF ( RAM_USE_CLASS_4 & RAM_USE_CLASS_4 )
                   ; Nothing to do
                   ENDIF ; RAM_USE_CLASS_4
                
                   IF ( SYSTEM_LARGE_MEMORY_MODEL )
                      mov reg[CUR_PP], >ADC8_bfStatus
                   ENDIF
 0024 9013         call ADC8_StopADC
 0026 6221FF       mov  reg[ADC8_CNT_DR1],ffh ;reload Counter
 0029 432301       or   reg[ADC8_CNT_CR0],01h ;start counter
 002C           ; clr interrupt
 002C 41DAFD       and   reg[INT_CLR0],~ADC8_ADCMask  ;clear residue ACol1 interrupt
 002F           ; enable interupt
 002F 43E002       or    reg[ADC8_ADCIntReg],ADC8_ADCMask  ;enable ACol1 interrupt
 0032 550000       mov   [ADC8_bfStatus],0
 0035           ;Start PWM
 0035 436201       or    reg[PWM_CR],01h
                   IF ( RAM_USE_CLASS_4 & RAM_USE_CLASS_1 )
                   ; Nothing to do
                   ENDIF ; RAM_USE_CLASS_1
                
                   IF ( RAM_USE_CLASS_4 & RAM_USE_CLASS_2 )
                   IF ( SYSTEM_LARGE_MEMORY_MODEL )
                   IF ( SYSTEM_IDXPG_TRACKS_STK_PP )
                   IF ( SYSTEM_LARGE_MEMORY_MODEL )
                      and   F, ~FLAG_PGMODE_MASK        ; NOTE: transition thru 00b state
                      or    F,  FLAG_PGMODE_MASK & FLAG_PGMODE_11b
                   ENDIF
                   ENDIF ;  PGMODE LOCKED
                   IF ( SYSTEM_IDXPG_TRACKS_IDX_PP )
                   IF ( SYSTEM_LARGE_MEMORY_MODEL )
                      and   F, ~FLAG_PGMODE_MASK        ; NOTE: transition thru 00b state
                      or    F,  FLAG_PGMODE_MASK & FLAG_PGMODE_10b
                   ENDIF
                   ENDIF ; PGMODE FREE
                   ENDIF ; SYSTEM_LARGE_MEMORY_MODEL
                   ENDIF ; RAM_USE_CLASS_2
                
                   IF ( RAM_USE_CLASS_4 & RAM_USE_CLASS_3 )
                   IF ( SYSTEM_LARGE_MEMORY_MODEL )
                   IF ( SYSTEM_IDXPG_TRACKS_STK_PP )
                   IF ( SYSTEM_LARGE_MEMORY_MODEL )
                      and   F, ~FLAG_PGMODE_MASK        ; NOTE: transition thru 00b state
                      or    F,  FLAG_PGMODE_MASK & FLAG_PGMODE_11b
                   ENDIF
                   ENDIF ;  PGMODE LOCKED
                   IF ( SYSTEM_IDXPG_TRACKS_IDX_PP )
                   IF ( SYSTEM_LARGE_MEMORY_MODEL )
                      and   F, ~FLAG_PGMODE_MASK        ; NOTE: transition thru 00b state
                      or    F,  FLAG_PGMODE_MASK & FLAG_PGMODE_10b
                   ENDIF
                   ENDIF ; PGMODE FREE
                   ENDIF ; SYSTEM_LARGE_MEMORY_MODEL
                   ENDIF ; RAM_USE_CLASS_3
                
                   IF ( RAM_USE_CLASS_4 & RAM_USE_CLASS_4 )
                   ; Nothing to do
                   ENDIF ; RAM_USE_CLASS_4
                
 0038 7F           ret
 0039           .ENDSECTION
 0039           
 0039           .SECTION
 0039           ;-----------------------------------------------------------------------------
 0039           ;  FUNCTION NAME: ADC8_StopAD
 0039           ;
 0039           ;  DESCRIPTION:
 0039           ;  Completely shuts down the A/D is an orderly manner.
 0039           ;
 0039           ;-----------------------------------------------------------------------------
 0039           ;
 0039           ;  ARGUMENTS:  None
 0039           ;
 0039           ;  RETURNS: None
 0039           ;-----------------------------------------------------------------------------
 0039            ADC8_StopADC:
 0039           _ADC8_StopADC:
                   IF ( RAM_USE_CLASS_1 & RAM_USE_CLASS_1 )
                   ; Nothing to do
                   ENDIF ; RAM_USE_CLASS_1
                
                   IF ( RAM_USE_CLASS_1 & RAM_USE_CLASS_2 )
                      IF ( SYSTEM_IDXPG_TRACKS_IDX_PP )
                   IF ( SYSTEM_LARGE_MEMORY_MODEL )
                      or   F, FLAG_PGMODE_01b
                   ENDIF ;  SYSTEM_LARGE_MEMORY_MODEL
                      ENDIF
                   ENDIF ; RAM_USE_CLASS_2
                
                   IF ( RAM_USE_CLASS_1 & RAM_USE_CLASS_3 )
                      IF ( SYSTEM_IDXPG_TRACKS_STK_PP )
                   IF ( SYSTEM_LARGE_MEMORY_MODEL )
                      and  F, ~FLAG_PGMODE_01b
                   ENDIF ;  SYSTEM_LARGE_MEMORY_MODEL
                      ENDIF
                   ENDIF ; RAM_USE_CLASS_3
                
                   IF ( RAM_USE_CLASS_1 & RAM_USE_CLASS_4 )
                   ; Nothing to do
                   ENDIF ; RAM_USE_CLASS_4
                
                ; disable interupt
 0039 41E0FD       and   reg[ADC8_ADCIntReg],~ADC8_ADCMask  ;disable ACol1 interrupt
 003C           ; turn off pwm
 003C 4162FE       and   reg[PWM_CR],~01h
 003F           
 003F           
 003F           ; stop counter
 003F 4123FE       and  reg[ADC8_CNT_CR0],~ADC8_ON      ;stop counter
                   IF ( RAM_USE_CLASS_1 & RAM_USE_CLASS_1 )
                   ; Nothing to do
                   ENDIF ; RAM_USE_CLASS_1
                
                   IF ( RAM_USE_CLASS_1 & RAM_USE_CLASS_2 )
                   IF ( SYSTEM_LARGE_MEMORY_MODEL )
                   IF ( SYSTEM_IDXPG_TRACKS_STK_PP )
                   IF ( SYSTEM_LARGE_MEMORY_MODEL )
                      and   F, ~FLAG_PGMODE_MASK        ; NOTE: transition thru 00b state
                      or    F,  FLAG_PGMODE_MASK & FLAG_PGMODE_11b
                   ENDIF
                   ENDIF ;  PGMODE LOCKED
                   IF ( SYSTEM_IDXPG_TRACKS_IDX_PP )
                   IF ( SYSTEM_LARGE_MEMORY_MODEL )
                      and   F, ~FLAG_PGMODE_MASK        ; NOTE: transition thru 00b state
                      or    F,  FLAG_PGMODE_MASK & FLAG_PGMODE_10b
                   ENDIF
                   ENDIF ; PGMODE FREE
                   ENDIF ; SYSTEM_LARGE_MEMORY_MODEL
                   ENDIF ; RAM_USE_CLASS_2
                
                   IF ( RAM_USE_CLASS_1 & RAM_USE_CLASS_3 )
                   IF ( SYSTEM_LARGE_MEMORY_MODEL )
                   IF ( SYSTEM_IDXPG_TRACKS_STK_PP )
                   IF ( SYSTEM_LARGE_MEMORY_MODEL )
                      and   F, ~FLAG_PGMODE_MASK        ; NOTE: transition thru 00b state
                      or    F,  FLAG_PGMODE_MASK & FLAG_PGMODE_11b
                   ENDIF
                   ENDIF ;  PGMODE LOCKED
                   IF ( SYSTEM_IDXPG_TRACKS_IDX_PP )
                   IF ( SYSTEM_LARGE_MEMORY_MODEL )
                      and   F, ~FLAG_PGMODE_MASK        ; NOTE: transition thru 00b state
                      or    F,  FLAG_PGMODE_MASK & FLAG_PGMODE_10b
                   ENDIF
                   ENDIF ; PGMODE FREE
                   ENDIF ; SYSTEM_LARGE_MEMORY_MODEL
                   ENDIF ; RAM_USE_CLASS_3
                
                   IF ( RAM_USE_CLASS_1 & RAM_USE_CLASS_4 )
                   ; Nothing to do
                   ENDIF ; RAM_USE_CLASS_4
                
 0042 7F           ret
 0043           .ENDSECTION
 0043           
 0043           .SECTION
 0043           ;-----------------------------------------------------------------------------
 0043           ;  FUNCTION NAME: ADC8_fIsDataAvailable
 0043           ;
 0043           ;  DESCRIPTION:
 0043           ;  Returns the status of the Data Available flag
 0043           ;
 0043           ;-----------------------------------------------------------------------------
 0043           ;
 0043           ;  ARGUMENTS: None
 0043           ;
 0043           ;  RETURNS:
 0043           ;  A  Returns data status  A == 0 no data available
 0043           ;                          A != 0 data available
 0043           ;
 0043           ;-----------------------------------------------------------------------------
 0043            ADC8_fIsDataAvailable:
 0043           _ADC8_fIsDataAvailable:
                   IF ( RAM_USE_CLASS_4 & RAM_USE_CLASS_1 )
                   ; Nothing to do
                   ENDIF ; RAM_USE_CLASS_1
                
                   IF ( RAM_USE_CLASS_4 & RAM_USE_CLASS_2 )
                      IF ( SYSTEM_IDXPG_TRACKS_IDX_PP )
                   IF ( SYSTEM_LARGE_MEMORY_MODEL )
                      or   F, FLAG_PGMODE_01b
                   ENDIF ;  SYSTEM_LARGE_MEMORY_MODEL
                      ENDIF
                   ENDIF ; RAM_USE_CLASS_2
                
                   IF ( RAM_USE_CLASS_4 & RAM_USE_CLASS_3 )
                      IF ( SYSTEM_IDXPG_TRACKS_STK_PP )
                   IF ( SYSTEM_LARGE_MEMORY_MODEL )
                      and  F, ~FLAG_PGMODE_01b
                   ENDIF ;  SYSTEM_LARGE_MEMORY_MODEL
                      ENDIF
                   ENDIF ; RAM_USE_CLASS_3
                
                   IF ( RAM_USE_CLASS_4 & RAM_USE_CLASS_4 )
                   ; Nothing to do
                   ENDIF ; RAM_USE_CLASS_4
                
                   IF ( SYSTEM_LARGE_MEMORY_MODEL )
                      mov reg[CUR_PP], >ADC8_bfStatus
                   ENDIF
 0043 5100         mov   A,[ADC8_bfStatus]                     ; Get status byte
                   IF ( RAM_USE_CLASS_4 & RAM_USE_CLASS_1 )
                   ; Nothing to do
                   ENDIF ; RAM_USE_CLASS_1
                
                   IF ( RAM_USE_CLASS_4 & RAM_USE_CLASS_2 )
                   IF ( SYSTEM_LARGE_MEMORY_MODEL )
                   IF ( SYSTEM_IDXPG_TRACKS_STK_PP )
                   IF ( SYSTEM_LARGE_MEMORY_MODEL )
                      and   F, ~FLAG_PGMODE_MASK        ; NOTE: transition thru 00b state
                      or    F,  FLAG_PGMODE_MASK & FLAG_PGMODE_11b
                   ENDIF
                   ENDIF ;  PGMODE LOCKED
                   IF ( SYSTEM_IDXPG_TRACKS_IDX_PP )
                   IF ( SYSTEM_LARGE_MEMORY_MODEL )
                      and   F, ~FLAG_PGMODE_MASK        ; NOTE: transition thru 00b state
                      or    F,  FLAG_PGMODE_MASK & FLAG_PGMODE_10b
                   ENDIF
                   ENDIF ; PGMODE FREE
                   ENDIF ; SYSTEM_LARGE_MEMORY_MODEL
                   ENDIF ; RAM_USE_CLASS_2
                
                   IF ( RAM_USE_CLASS_4 & RAM_USE_CLASS_3 )
                   IF ( SYSTEM_LARGE_MEMORY_MODEL )
                   IF ( SYSTEM_IDXPG_TRACKS_STK_PP )
                   IF ( SYSTEM_LARGE_MEMORY_MODEL )
                      and   F, ~FLAG_PGMODE_MASK        ; NOTE: transition thru 00b state
                      or    F,  FLAG_PGMODE_MASK & FLAG_PGMODE_11b
                   ENDIF
                   ENDIF ;  PGMODE LOCKED
                   IF ( SYSTEM_IDXPG_TRACKS_IDX_PP )
                   IF ( SYSTEM_LARGE_MEMORY_MODEL )
                      and   F, ~FLAG_PGMODE_MASK        ; NOTE: transition thru 00b state
                      or    F,  FLAG_PGMODE_MASK & FLAG_PGMODE_10b
                   ENDIF
                   ENDIF ; PGMODE FREE
                   ENDIF ; SYSTEM_LARGE_MEMORY_MODEL
                   ENDIF ; RAM_USE_CLASS_3
                
                   IF ( RAM_USE_CLASS_4 & RAM_USE_CLASS_4 )
                   ; Nothing to do
                   ENDIF ; RAM_USE_CLASS_4
                
 0045 7F           ret
 0046           .ENDSECTION
 0046           
 0046           .SECTION
 0046           ;-----------------------------------------------------------------------------
 0046           ;  FUNCTION NAME: ADC8_bGetDataClearFlag
 0046           ;  FUNCTION NAME: ADC8_bGetData
 0046           ;
 0046           ;  DESCRIPTION:
 0046           ;  Returns the data from the A/D.  Does not check if data is available.
 0046           ;  bGetDataClearFlag clears the result ready flag as well.
 0046           ;
 0046           ;-----------------------------------------------------------------------------
 0046           ;
 0046           ;  ARGUMENTS: None
 0046           ;
 0046           ;  RETURNS:
 0046           ;    A: The ADC result.
 0046           ;
 0046           ;-----------------------------------------------------------------------------
 0046            ADC8_bGetDataClearFlag:
 0046           _ADC8_bGetDataClearFlag:
                   IF ( RAM_USE_CLASS_4 & RAM_USE_CLASS_1 )
                   ; Nothing to do
                   ENDIF ; RAM_USE_CLASS_1
                
                   IF ( RAM_USE_CLASS_4 & RAM_USE_CLASS_2 )
                      IF ( SYSTEM_IDXPG_TRACKS_IDX_PP )
                   IF ( SYSTEM_LARGE_MEMORY_MODEL )
                      or   F, FLAG_PGMODE_01b
                   ENDIF ;  SYSTEM_LARGE_MEMORY_MODEL
                      ENDIF
                   ENDIF ; RAM_USE_CLASS_2
                
                   IF ( RAM_USE_CLASS_4 & RAM_USE_CLASS_3 )
                      IF ( SYSTEM_IDXPG_TRACKS_STK_PP )
                   IF ( SYSTEM_LARGE_MEMORY_MODEL )
                      and  F, ~FLAG_PGMODE_01b
                   ENDIF ;  SYSTEM_LARGE_MEMORY_MODEL
                      ENDIF
                   ENDIF ; RAM_USE_CLASS_3
                
                   IF ( RAM_USE_CLASS_4 & RAM_USE_CLASS_4 )
                   ; Nothing to do
                   ENDIF ; RAM_USE_CLASS_4
                
                   IF ( SYSTEM_LARGE_MEMORY_MODEL )
                      mov reg[CUR_PP], >ADC8_bfStatus
                   ENDIF
 0046 550000       mov   [ADC8_bfStatus],0
 0049 5100         mov   A,[ADC8_bResult]
                   IF ( RAM_USE_CLASS_4 & RAM_USE_CLASS_1 )
                   ; Nothing to do
                   ENDIF ; RAM_USE_CLASS_1
                
                   IF ( RAM_USE_CLASS_4 & RAM_USE_CLASS_2 )
                   IF ( SYSTEM_LARGE_MEMORY_MODEL )
                   IF ( SYSTEM_IDXPG_TRACKS_STK_PP )
                   IF ( SYSTEM_LARGE_MEMORY_MODEL )
                      and   F, ~FLAG_PGMODE_MASK        ; NOTE: transition thru 00b state
                      or    F,  FLAG_PGMODE_MASK & FLAG_PGMODE_11b
                   ENDIF
                   ENDIF ;  PGMODE LOCKED
                   IF ( SYSTEM_IDXPG_TRACKS_IDX_PP )
                   IF ( SYSTEM_LARGE_MEMORY_MODEL )
                      and   F, ~FLAG_PGMODE_MASK        ; NOTE: transition thru 00b state
                      or    F,  FLAG_PGMODE_MASK & FLAG_PGMODE_10b
                   ENDIF
                   ENDIF ; PGMODE FREE
                   ENDIF ; SYSTEM_LARGE_MEMORY_MODEL
                   ENDIF ; RAM_USE_CLASS_2
                
                   IF ( RAM_USE_CLASS_4 & RAM_USE_CLASS_3 )
                   IF ( SYSTEM_LARGE_MEMORY_MODEL )
                   IF ( SYSTEM_IDXPG_TRACKS_STK_PP )
                   IF ( SYSTEM_LARGE_MEMORY_MODEL )
                      and   F, ~FLAG_PGMODE_MASK        ; NOTE: transition thru 00b state
                      or    F,  FLAG_PGMODE_MASK & FLAG_PGMODE_11b
                   ENDIF
                   ENDIF ;  PGMODE LOCKED
                   IF ( SYSTEM_IDXPG_TRACKS_IDX_PP )
                   IF ( SYSTEM_LARGE_MEMORY_MODEL )
                      and   F, ~FLAG_PGMODE_MASK        ; NOTE: transition thru 00b state
                      or    F,  FLAG_PGMODE_MASK & FLAG_PGMODE_10b
                   ENDIF
                   ENDIF ; PGMODE FREE
                   ENDIF ; SYSTEM_LARGE_MEMORY_MODEL
                   ENDIF ; RAM_USE_CLASS_3
                
                   IF ( RAM_USE_CLASS_4 & RAM_USE_CLASS_4 )
                   ; Nothing to do
                   ENDIF ; RAM_USE_CLASS_4
                
 004B 7F           ret
 004C            ADC8_bGetData:
 004C           _ADC8_bGetData:
                   IF ( RAM_USE_CLASS_4 & RAM_USE_CLASS_1 )
                   ; Nothing to do
                   ENDIF ; RAM_USE_CLASS_1
                
                   IF ( RAM_USE_CLASS_4 & RAM_USE_CLASS_2 )
                      IF ( SYSTEM_IDXPG_TRACKS_IDX_PP )
                   IF ( SYSTEM_LARGE_MEMORY_MODEL )
                      or   F, FLAG_PGMODE_01b
                   ENDIF ;  SYSTEM_LARGE_MEMORY_MODEL
                      ENDIF
                   ENDIF ; RAM_USE_CLASS_2
                
                   IF ( RAM_USE_CLASS_4 & RAM_USE_CLASS_3 )
                      IF ( SYSTEM_IDXPG_TRACKS_STK_PP )
                   IF ( SYSTEM_LARGE_MEMORY_MODEL )
                      and  F, ~FLAG_PGMODE_01b
                   ENDIF ;  SYSTEM_LARGE_MEMORY_MODEL
                      ENDIF
                   ENDIF ; RAM_USE_CLASS_3
                
                   IF ( RAM_USE_CLASS_4 & RAM_USE_CLASS_4 )
                   ; Nothing to do
                   ENDIF ; RAM_USE_CLASS_4
                
                   IF ( SYSTEM_LARGE_MEMORY_MODEL )
                      mov reg[CUR_PP], >ADC8_bfStatus
                   ENDIF
 004C 5100         mov   A,[ADC8_bResult]
                   IF ( RAM_USE_CLASS_4 & RAM_USE_CLASS_1 )
                   ; Nothing to do
                   ENDIF ; RAM_USE_CLASS_1
                
                   IF ( RAM_USE_CLASS_4 & RAM_USE_CLASS_2 )
                   IF ( SYSTEM_LARGE_MEMORY_MODEL )
                   IF ( SYSTEM_IDXPG_TRACKS_STK_PP )
                   IF ( SYSTEM_LARGE_MEMORY_MODEL )
                      and   F, ~FLAG_PGMODE_MASK        ; NOTE: transition thru 00b state
                      or    F,  FLAG_PGMODE_MASK & FLAG_PGMODE_11b
                   ENDIF
                   ENDIF ;  PGMODE LOCKED
                   IF ( SYSTEM_IDXPG_TRACKS_IDX_PP )
                   IF ( SYSTEM_LARGE_MEMORY_MODEL )
                      and   F, ~FLAG_PGMODE_MASK        ; NOTE: transition thru 00b state
                      or    F,  FLAG_PGMODE_MASK & FLAG_PGMODE_10b
                   ENDIF
                   ENDIF ; PGMODE FREE
                   ENDIF ; SYSTEM_LARGE_MEMORY_MODEL
                   ENDIF ; RAM_USE_CLASS_2
                
                   IF ( RAM_USE_CLASS_4 & RAM_USE_CLASS_3 )
                   IF ( SYSTEM_LARGE_MEMORY_MODEL )
                   IF ( SYSTEM_IDXPG_TRACKS_STK_PP )
                   IF ( SYSTEM_LARGE_MEMORY_MODEL )
                      and   F, ~FLAG_PGMODE_MASK        ; NOTE: transition thru 00b state
                      or    F,  FLAG_PGMODE_MASK & FLAG_PGMODE_11b
                   ENDIF
                   ENDIF ;  PGMODE LOCKED
                   IF ( SYSTEM_IDXPG_TRACKS_IDX_PP )
                   IF ( SYSTEM_LARGE_MEMORY_MODEL )
                      and   F, ~FLAG_PGMODE_MASK        ; NOTE: transition thru 00b state
                      or    F,  FLAG_PGMODE_MASK & FLAG_PGMODE_10b
                   ENDIF
                   ENDIF ; PGMODE FREE
                   ENDIF ; SYSTEM_LARGE_MEMORY_MODEL
                   ENDIF ; RAM_USE_CLASS_3
                
                   IF ( RAM_USE_CLASS_4 & RAM_USE_CLASS_4 )
                   ; Nothing to do
                   ENDIF ; RAM_USE_CLASS_4
                
 004E 7F           ret
 004F           .ENDSECTION
 004F           
 004F           
 004F           .SECTION
 004F           ;-----------------------------------------------------------------------------
 004F           ;  FUNCTION NAME: ADC8_ClearFlag
 004F           ;
 004F           ;  DESCRIPTION:
 004F           ;  Clears the data ready flag.
 004F           ;
 004F           ;-----------------------------------------------------------------------------
 004F           ;
 004F           ;  ARGUMENTS: None
 004F           ;
 004F           ;  RETURNS: None
 004F           ;
 004F           ;------------------------------------------------------------------------
 004F            ADC8_ClearFlag:
 004F           _ADC8_ClearFlag:
                   IF ( RAM_USE_CLASS_4 & RAM_USE_CLASS_1 )
                   ; Nothing to do
                   ENDIF ; RAM_USE_CLASS_1
                
                   IF ( RAM_USE_CLASS_4 & RAM_USE_CLASS_2 )
                      IF ( SYSTEM_IDXPG_TRACKS_IDX_PP )
                   IF ( SYSTEM_LARGE_MEMORY_MODEL )
                      or   F, FLAG_PGMODE_01b
                   ENDIF ;  SYSTEM_LARGE_MEMORY_MODEL
                      ENDIF
                   ENDIF ; RAM_USE_CLASS_2
                
                   IF ( RAM_USE_CLASS_4 & RAM_USE_CLASS_3 )
                      IF ( SYSTEM_IDXPG_TRACKS_STK_PP )
                   IF ( SYSTEM_LARGE_MEMORY_MODEL )
                      and  F, ~FLAG_PGMODE_01b
                   ENDIF ;  SYSTEM_LARGE_MEMORY_MODEL
                      ENDIF
                   ENDIF ; RAM_USE_CLASS_3
                
                   IF ( RAM_USE_CLASS_4 & RAM_USE_CLASS_4 )
                   ; Nothing to do
                   ENDIF ; RAM_USE_CLASS_4
                
                   IF ( SYSTEM_LARGE_MEMORY_MODEL )
                      mov reg[CUR_PP], >ADC8_bfStatus
                   ENDIF
 004F 550000       mov   [ADC8_bfStatus],0
                   IF ( RAM_USE_CLASS_4 & RAM_USE_CLASS_1 )
                   ; Nothing to do
                   ENDIF ; RAM_USE_CLASS_1
                
                   IF ( RAM_USE_CLASS_4 & RAM_USE_CLASS_2 )
                   IF ( SYSTEM_LARGE_MEMORY_MODEL )
                   IF ( SYSTEM_IDXPG_TRACKS_STK_PP )
                   IF ( SYSTEM_LARGE_MEMORY_MODEL )
                      and   F, ~FLAG_PGMODE_MASK        ; NOTE: transition thru 00b state
                      or    F,  FLAG_PGMODE_MASK & FLAG_PGMODE_11b
                   ENDIF
                   ENDIF ;  PGMODE LOCKED
                   IF ( SYSTEM_IDXPG_TRACKS_IDX_PP )
                   IF ( SYSTEM_LARGE_MEMORY_MODEL )
                      and   F, ~FLAG_PGMODE_MASK        ; NOTE: transition thru 00b state
                      or    F,  FLAG_PGMODE_MASK & FLAG_PGMODE_10b
                   ENDIF
                   ENDIF ; PGMODE FREE
                   ENDIF ; SYSTEM_LARGE_MEMORY_MODEL
                   ENDIF ; RAM_USE_CLASS_2
                
                   IF ( RAM_USE_CLASS_4 & RAM_USE_CLASS_3 )
                   IF ( SYSTEM_LARGE_MEMORY_MODEL )
                   IF ( SYSTEM_IDXPG_TRACKS_STK_PP )
                   IF ( SYSTEM_LARGE_MEMORY_MODEL )
                      and   F, ~FLAG_PGMODE_MASK        ; NOTE: transition thru 00b state
                      or    F,  FLAG_PGMODE_MASK & FLAG_PGMODE_11b
                   ENDIF
                   ENDIF ;  PGMODE LOCKED
                   IF ( SYSTEM_IDXPG_TRACKS_IDX_PP )
                   IF ( SYSTEM_LARGE_MEMORY_MODEL )
                      and   F, ~FLAG_PGMODE_MASK        ; NOTE: transition thru 00b state
                      or    F,  FLAG_PGMODE_MASK & FLAG_PGMODE_10b
                   ENDIF
                   ENDIF ; PGMODE FREE
                   ENDIF ; SYSTEM_LARGE_MEMORY_MODEL
                   ENDIF ; RAM_USE_CLASS_3
                
                   IF ( RAM_USE_CLASS_4 & RAM_USE_CLASS_4 )
                   ; Nothing to do
                   ENDIF ; RAM_USE_CLASS_4
                
 0052 7F           ret
 0053           .ENDSECTION
 0053           
 0053           .SECTION
 0053           ;-----------------------------------------------------------------------------
 0053           ;  FUNCTION NAME: ADC8_bCal
 0053           ;
 0053           ;  DESCRIPTION:
 0053           ;  Adjusts the trim till the ADC value matchs the argument value.
 0053           ;
 0053           ;-----------------------------------------------------------------------------
 0053           ;
 0053           ;  ARGUMENTS: 
 0053           ;    A contains the target value of the conversion 
 0053           ;    X contains the Voltage Source for the calibration
 0053           ;
 0053           ;  RETURNS: None
 0053           ;
 0053           ;-----------------------------------------------------------------------------
 FFFFFFFB           PMux_Save:  equ -5
 FFFFFFFC           AMux_Save:  equ -4
 FFFFFFFD           Desired:	equ -3
 FFFFFFFE           Toggle:		equ -2
 FFFFFFFF           Closest:	equ -1
 0053           
 0053           ADC8_bCal:
 0053           _ADC8_bCal:
                   IF ( RAM_USE_CLASS_4 & RAM_USE_CLASS_1 )
                   ; Nothing to do
                   ENDIF ; RAM_USE_CLASS_1
                
                   IF ( RAM_USE_CLASS_4 & RAM_USE_CLASS_2 )
                      IF ( SYSTEM_IDXPG_TRACKS_IDX_PP )
                   IF ( SYSTEM_LARGE_MEMORY_MODEL )
                      or   F, FLAG_PGMODE_01b
                   ENDIF ;  SYSTEM_LARGE_MEMORY_MODEL
                      ENDIF
                   ENDIF ; RAM_USE_CLASS_2
                
                   IF ( RAM_USE_CLASS_4 & RAM_USE_CLASS_3 )
                      IF ( SYSTEM_IDXPG_TRACKS_STK_PP )
                   IF ( SYSTEM_LARGE_MEMORY_MODEL )
                      and  F, ~FLAG_PGMODE_01b
                   ENDIF ;  SYSTEM_LARGE_MEMORY_MODEL
                      ENDIF
                   ENDIF ; RAM_USE_CLASS_3
                
                   IF ( RAM_USE_CLASS_4 & RAM_USE_CLASS_4 )
                   ; Nothing to do
                   ENDIF ; RAM_USE_CLASS_4
                
                   IF ( RAM_USE_CLASS_2 & RAM_USE_CLASS_1 )
                   ; Nothing to do
                   ENDIF ; RAM_USE_CLASS_1
                
                   IF ( RAM_USE_CLASS_2 & RAM_USE_CLASS_2 )
                      IF ( SYSTEM_IDXPG_TRACKS_IDX_PP )
                   IF ( SYSTEM_LARGE_MEMORY_MODEL )
                      or   F, FLAG_PGMODE_01b
                   ENDIF ;  SYSTEM_LARGE_MEMORY_MODEL
                      ENDIF
                   ENDIF ; RAM_USE_CLASS_2
                
                   IF ( RAM_USE_CLASS_2 & RAM_USE_CLASS_3 )
                      IF ( SYSTEM_IDXPG_TRACKS_STK_PP )
                   IF ( SYSTEM_LARGE_MEMORY_MODEL )
                      and  F, ~FLAG_PGMODE_01b
                   ENDIF ;  SYSTEM_LARGE_MEMORY_MODEL
                      ENDIF
                   ENDIF ; RAM_USE_CLASS_3
                
                   IF ( RAM_USE_CLASS_2 & RAM_USE_CLASS_4 )
                   ; Nothing to do
                   ENDIF ; RAM_USE_CLASS_4
                
                   IF ( SYSTEM_LARGE_MEMORY_MODEL )
                      mov reg[CUR_PP], >ADC8_bfStatus
                   ENDIF
                
 0053 3802         add  SP, 2                                   ;create some extra stack space
 0055 08           push A                                               ;Save the arguments 
 0056 10           push X                                               ;on the stack
 0057 4F           mov  X, SP                                   ;get the stack pointer
 0058 5D72         mov  A, reg[ADC8_ACE_CR1]
 005A 54FC         mov  [X-4], A                                                        ;save the original value of ADC_CR1
 005C 5D60         mov  A, reg[AMX_IN]
 005E 54FD         mov  [X-3], A                                                        ;save the origianl value of AMX_IN
 0060 27FD7F       and  [X-3], 7Fh
 0063 7110          or    F, FLAG_XIO_MASK
 0065 5D62         mov  A, reg[ABF_CR0]
 0067 70EF          and   F, ~FLAG_XIO_MASK
 0069 2180         and  A, 80h
 006B 2DFD         or   [X-3], A                                                        ;save the original value of ABF_CR0
 006D 52FF         mov  A, [X-1]
 006F 905B         call SetInput                                                        ;Set the input to desired reference source
 0071           
 0071 3801         add  SP,1 
 0073 4F           mov  X,SP ;X points to new desired cal valueouput
 0074           
 0074 56FE80       mov  [X + Toggle],80h
 0077           
 0077 7110          or    F, FLAG_XIO_MASK
 0079 62E500       mov  reg[ADC8_ADC_TR],00h
 007C 70EF          and   F, ~FLAG_XIO_MASK
 007E           
 007E           .Repeat: ;repeat
 007E 7110          or    F, FLAG_XIO_MASK
 0080 5DE5         mov  A,reg[ADC8_ADC_TR]
 0082 33FE         xor  A,[X + Toggle] ; toggle trim
 0084 60E5         mov  reg[ADC8_ADC_TR],A
 0086 70EF          and   F, ~FLAG_XIO_MASK
 0088              
 0088 9F9A         call ADC8_StartADC ; readADC
 008A           
 008A           .GetData: 
 008A 4700FF       tst  [ADC8_bfStatus],ffh
 008D AFFC         jz   .GetData
 008F 5100         mov  A,[ADC8_bResult]
 0091           
 0091 3BFD         cmp  A,[X + Desired]
 0093 B007         jnz  .NotZero ; if ADC == Desired
 0095 9FA2         call ADC8_StopADC
 0097 54FF         mov  [X+Closest], A
 0099 8019         jmp  .Done
 009B           
 009B           .NotZero:
 009B C005         jc   .LessThan       ; elseif ADC > Desired (cap is too large)
 009D 54FF         mov  [X + Closest],A ; closest = ADC
 009F 800B         jmp  .AllDone
 00A1           
 00A1           .LessThan: ; else ADC < Desired (Cap is too small)
 00A1 7110          or    F, FLAG_XIO_MASK
 00A3 5DE5         mov  A,reg[ADC8_ADC_TR]
 00A5 33FE         xor  A,[X + Toggle] ; toggle trim
 00A7 60E5         mov  reg[ADC8_ADC_TR],A
 00A9 70EF          and   F, ~FLAG_XIO_MASK
 00AB           .AllDone:
 00AB 0100         add  A,0 ; toggle = toggle/2
 00AD 6FFE         rrc  [X+ Toggle]
 00AF           .Until:
 00AF BFCE         jnz  .Repeat ;until toggle is done
 00B1 9F86         call ADC8_StopADC ;return( Closest)
 00B3                 
 00B3           .Done:
 00B3 52FB         mov  A, [X+PMux_Save]                                                    
 00B5 6072         mov  reg[ADC8_ACE_CR1], A                    ;restore original value of ACE_CR1
 00B7 52FC         mov  A, [X+AMux_Save]
 00B9 210F         and  A, 0Fh
 00BB 6060         mov  reg[AMX_IN], A                                                          ;restore original value of AMX_IN
 00BD 52FC         mov  A, [X+AMux_Save]
 00BF 2180         and  A, 80h
 00C1 7110          or    F, FLAG_XIO_MASK
 00C3 6062         mov  reg[ABF_CR0], A                                                         ;restore original value of ABF_CR0
 00C5 70EF          and   F, ~FLAG_XIO_MASK
 00C7 52FF         mov  A,[X + Closest]                                                         ;Get the return value
 00C9 38FB         add  SP,-5
                   IF ( RAM_USE_CLASS_2 & RAM_USE_CLASS_1 )
                   ; Nothing to do
                   ENDIF ; RAM_USE_CLASS_1
                
                   IF ( RAM_USE_CLASS_2 & RAM_USE_CLASS_2 )
                   IF ( SYSTEM_LARGE_MEMORY_MODEL )
                   IF ( SYSTEM_IDXPG_TRACKS_STK_PP )
                   IF ( SYSTEM_LARGE_MEMORY_MODEL )
                      and   F, ~FLAG_PGMODE_MASK        ; NOTE: transition thru 00b state
                      or    F,  FLAG_PGMODE_MASK & FLAG_PGMODE_11b
                   ENDIF
                   ENDIF ;  PGMODE LOCKED
                   IF ( SYSTEM_IDXPG_TRACKS_IDX_PP )
                   IF ( SYSTEM_LARGE_MEMORY_MODEL )
                      and   F, ~FLAG_PGMODE_MASK        ; NOTE: transition thru 00b state
                      or    F,  FLAG_PGMODE_MASK & FLAG_PGMODE_10b
                   ENDIF
                   ENDIF ; PGMODE FREE
                   ENDIF ; SYSTEM_LARGE_MEMORY_MODEL
                   ENDIF ; RAM_USE_CLASS_2
                
                   IF ( RAM_USE_CLASS_2 & RAM_USE_CLASS_3 )
                   IF ( SYSTEM_LARGE_MEMORY_MODEL )
                   IF ( SYSTEM_IDXPG_TRACKS_STK_PP )
                   IF ( SYSTEM_LARGE_MEMORY_MODEL )
                      and   F, ~FLAG_PGMODE_MASK        ; NOTE: transition thru 00b state
                      or    F,  FLAG_PGMODE_MASK & FLAG_PGMODE_11b
                   ENDIF
                   ENDIF ;  PGMODE LOCKED
                   IF ( SYSTEM_IDXPG_TRACKS_IDX_PP )
                   IF ( SYSTEM_LARGE_MEMORY_MODEL )
                      and   F, ~FLAG_PGMODE_MASK        ; NOTE: transition thru 00b state
                      or    F,  FLAG_PGMODE_MASK & FLAG_PGMODE_10b
                   ENDIF
                   ENDIF ; PGMODE FREE
                   ENDIF ; SYSTEM_LARGE_MEMORY_MODEL
                   ENDIF ; RAM_USE_CLASS_3
                
                   IF ( RAM_USE_CLASS_2 & RAM_USE_CLASS_4 )
                   ; Nothing to do
                   ENDIF ; RAM_USE_CLASS_4
                
                   IF ( RAM_USE_CLASS_4 & RAM_USE_CLASS_1 )
                   ; Nothing to do
                   ENDIF ; RAM_USE_CLASS_1
                
                   IF ( RAM_USE_CLASS_4 & RAM_USE_CLASS_2 )
                   IF ( SYSTEM_LARGE_MEMORY_MODEL )
                   IF ( SYSTEM_IDXPG_TRACKS_STK_PP )
                   IF ( SYSTEM_LARGE_MEMORY_MODEL )
                      and   F, ~FLAG_PGMODE_MASK        ; NOTE: transition thru 00b state
                      or    F,  FLAG_PGMODE_MASK & FLAG_PGMODE_11b
                   ENDIF
                   ENDIF ;  PGMODE LOCKED
                   IF ( SYSTEM_IDXPG_TRACKS_IDX_PP )
                   IF ( SYSTEM_LARGE_MEMORY_MODEL )
                      and   F, ~FLAG_PGMODE_MASK        ; NOTE: transition thru 00b state
                      or    F,  FLAG_PGMODE_MASK & FLAG_PGMODE_10b
                   ENDIF
                   ENDIF ; PGMODE FREE
                   ENDIF ; SYSTEM_LARGE_MEMORY_MODEL
                   ENDIF ; RAM_USE_CLASS_2
                
                   IF ( RAM_USE_CLASS_4 & RAM_USE_CLASS_3 )
                   IF ( SYSTEM_LARGE_MEMORY_MODEL )
                   IF ( SYSTEM_IDXPG_TRACKS_STK_PP )
                   IF ( SYSTEM_LARGE_MEMORY_MODEL )
                      and   F, ~FLAG_PGMODE_MASK        ; NOTE: transition thru 00b state
                      or    F,  FLAG_PGMODE_MASK & FLAG_PGMODE_11b
                   ENDIF
                   ENDIF ;  PGMODE LOCKED
                   IF ( SYSTEM_IDXPG_TRACKS_IDX_PP )
                   IF ( SYSTEM_LARGE_MEMORY_MODEL )
                      and   F, ~FLAG_PGMODE_MASK        ; NOTE: transition thru 00b state
                      or    F,  FLAG_PGMODE_MASK & FLAG_PGMODE_10b
                   ENDIF
                   ENDIF ; PGMODE FREE
                   ENDIF ; SYSTEM_LARGE_MEMORY_MODEL
                   ENDIF ; RAM_USE_CLASS_3
                
                   IF ( RAM_USE_CLASS_4 & RAM_USE_CLASS_4 )
                   ; Nothing to do
                   ENDIF ; RAM_USE_CLASS_4
                
 00CB 7F           ret
 00CC           .ENDSECTION
 00CC           
 00CC           
 00CC           SetInput:
 00CC 2110         and   A, 10h
 00CE B00D         jnz   .PortInput
 00D0 27FF07       and   [X-1], 07h
 00D3 5D72         mov   A, reg[ADC8_ACE_CR1]
 00D5 21F8         and   A, F8h
 00D7 2BFF         or    A, [X-1]
 00D9 6072         mov   reg[ADC8_ACE_CR1], A
 00DB 7F           ret
 00DC           
 00DC           .PortInput:
 00DC 5068         mov   A, ADC8_ADC_CR
 00DE 3968         cmp   A, 68h
 00E0 B00D         jnz   .Column1
 00E2 27FF03       and   [X-1], 03h
 00E5 5D60         mov   A, reg[AMX_IN]
 00E7 21FC         and   A, FCh
 00E9 2BFF         or    A, [X-1]
 00EB 6060         mov   reg[AMX_IN], A
 00ED 7F           ret
 00EE           
 00EE           .Column1:
 00EE 52FF         mov   A, [X-1]
 00F0 2180         and   A, 80h
 00F2 7110          or    F, FLAG_XIO_MASK
 00F4 6062         mov   reg[ABF_CR0], A
 00F6 70EF          and   F, ~FLAG_XIO_MASK
 00F8 A006         jz    .Even
 00FA 4160FC       and   reg[AMX_IN], FCh
 00FD 8004         jmp   .SkipEven
 00FF           .Even:
 00FF 4160F3       and   reg[AMX_IN], F3h
 0102           .SkipEven:
 0102 27FF0F       and   [X-1], 0Fh
 0105 5D60         mov   A, reg[AMX_IN]
 0107 2BFF         or    A, [X-1]
 0109 6060         mov   reg[AMX_IN], A
 010B 7F           ret
