
****** PlanAhead v14.4 (64-bit)
  **** Build 222254 by xbuild on Tue Dec 18 05:21:09 MST 2012
    ** Copyright 1986-1999, 2001-2012 Xilinx, Inc. All Rights Reserved.

INFO: [Common 17-78] Attempting to get a license: PlanAhead
INFO: [Common 17-290] Got license for PlanAhead
INFO: [Device 21-36] Loading parts and site information from G:/Xilinx/14.4/ISE_DS/PlanAhead/data/parts/arch.xml
Parsing RTL primitives file [G:/Xilinx/14.4/ISE_DS/PlanAhead/data/parts/xilinx/rtl/prims/rtl_prims.xml]
Finished parsing RTL primitives file [G:/Xilinx/14.4/ISE_DS/PlanAhead/data/parts/xilinx/rtl/prims/rtl_prims.xml]
start_gui
source G:/Dropbox/Hobby/Programme/FPGA/Look_Ahead_Adder/pa.fromNetlist.tcl
# create_project -name Look_Ahead_Adder -dir "G:/Dropbox/Hobby/Programme/FPGA/Look_Ahead_Adder/planAhead_run_1" -part xc3s250evq100-4
# set_property design_mode GateLvl [get_property srcset [current_run -impl]]
# set_property edif_top_file "G:/Dropbox/Hobby/Programme/FPGA/Look_Ahead_Adder/Look_Ahead_Adder.ngc" [ get_property srcset [ current_run ] ]
# add_files -norecurse { {G:/Dropbox/Hobby/Programme/FPGA/Look_Ahead_Adder} }
# set_param project.pinAheadLayout  yes
# set_property target_constrs_file "Look_Ahead_Adder.ucf" [current_fileset -constrset]
Adding file 'G:/Dropbox/Hobby/Programme/FPGA/Look_Ahead_Adder/Look_Ahead_Adder.ucf' to fileset 'constrs_1'
# add_files [list {Look_Ahead_Adder.ucf}] -fileset [get_property constrset [current_run]]
# link_design
Design is defaulting to srcset: sources_1
Design is defaulting to constrset: constrs_1
Design is defaulting to project part: xc3s250evq100-4
Release 14.4 - ngc2edif P.49d (nt64)
Copyright (c) 1995-2012 Xilinx, Inc.  All rights reserved.
Reading design Look_Ahead_Adder.ngc ...
WARNING:NetListWriters:298 - No output is written to Look_Ahead_Adder.xncf,
   ignored.
Processing design ...
   Preping design's networks ...
   Preping design's macros ...
  finished :Prep
Writing EDIF netlist file Look_Ahead_Adder.edif ...
ngc2edif: Total memory usage is 79256 kilobytes

Parsing EDIF File [./planAhead_run_1/Look_Ahead_Adder.data/cache/Look_Ahead_Adder_ngc_zx.edif]
Finished Parsing EDIF File [./planAhead_run_1/Look_Ahead_Adder.data/cache/Look_Ahead_Adder_ngc_zx.edif]
INFO: [Designutils 20-910] Reading macro library G:/Xilinx/14.4/ISE_DS/PlanAhead/data\./parts/xilinx/spartan3e/spartan3e/hd_int_macros.edn
Parsing EDIF File [G:/Xilinx/14.4/ISE_DS/PlanAhead/data\./parts/xilinx/spartan3e/spartan3e/hd_int_macros.edn]
Finished Parsing EDIF File [G:/Xilinx/14.4/ISE_DS/PlanAhead/data\./parts/xilinx/spartan3e/spartan3e/hd_int_macros.edn]
Loading clock regions from G:/Xilinx/14.4/ISE_DS/PlanAhead/data\parts/xilinx/spartan3e/spartan3e/xc3s250e/ClockRegion.xml
Loading clock buffers from G:/Xilinx/14.4/ISE_DS/PlanAhead/data\parts/xilinx/spartan3e/spartan3e/xc3s250e/ClockBuffers.xml
Loading package from G:/Xilinx/14.4/ISE_DS/PlanAhead/data\parts/xilinx/spartan3e/spartan3e/xc3s250e/vq100/Package.xml
Loading io standards from G:/Xilinx/14.4/ISE_DS/PlanAhead/data\./parts/xilinx/spartan3e/IOStandards.xml
INFO: [Device 21-19] Loading pkg sso from G:/Xilinx/14.4/ISE_DS/PlanAhead/data\parts/xilinx/spartan3e/spartan3e/xc3s250e/vq100/SSORules.xml
Loading list of drcs for the architecture : G:/Xilinx/14.4/ISE_DS/PlanAhead/data\./parts/xilinx/spartan3e/spartan3e/drc.xml
INFO: [Timing 38-77] Reading timing library G:/Xilinx/14.4/ISE_DS/PlanAhead/data\parts/xilinx/spartan3e/spartan3e/spartan3e-4.lib.
INFO: [Timing 38-34] Done reading timing library G:/Xilinx/14.4/ISE_DS/PlanAhead/data\parts/xilinx/spartan3e/spartan3e/spartan3e-4.lib.
Parsing UCF File [G:/Dropbox/Hobby/Programme/FPGA/Look_Ahead_Adder/Look_Ahead_Adder.ucf]
Finished Parsing UCF File [G:/Dropbox/Hobby/Programme/FPGA/Look_Ahead_Adder/Look_Ahead_Adder.ucf]
INFO: [Project 1-111] Unisim Transformation Summary:
No Unisim elements were transformed.

Phase 0 | Netlist Checksum: 7a7eb33a
link_design: Time (s): elapsed = 00:00:09 . Memory (MB): peak = 552.156 ; gain = 116.063
startgroup
set_property package_pin P2 [get_ports A]
endgroup
save_constraints
exit
ERROR: [Common 17-39] 'stop_gui' failed due to earlier errors.
INFO: [Common 17-206] Exiting PlanAhead at Fri Mar 01 15:24:23 2013...
INFO: [Common 17-83] Releasing license: PlanAhead
