--------------------------------------------------------------------------------
Release 14.4 Trace  (nt64)
Copyright (c) 1995-2012 Xilinx, Inc.  All rights reserved.

G:\Xilinx\14.4\ISE_DS\ISE\bin\nt64\unwrapped\trce.exe -intstyle ise -v 3 -s 4
-n 3 -fastpaths -xml Magnitude_Komparator.twx Magnitude_Komparator.ncd -o
Magnitude_Komparator.twr Magnitude_Komparator.pcf -ucf Magnitude_Komparator.ucf

Design file:              Magnitude_Komparator.ncd
Physical constraint file: Magnitude_Komparator.pcf
Device,package,speed:     xc3s250e,vq100,-4 (PRODUCTION 1.27 2012-12-04)
Report level:             verbose report

Environment Variable      Effect 
--------------------      ------ 
NONE                      No environment variables were set
--------------------------------------------------------------------------------

INFO:Timing:2698 - No timing constraints found, doing default enumeration.
INFO:Timing:3412 - To improve timing, see the Timing Closure User Guide (UG612).
INFO:Timing:2752 - To get complete path coverage, use the unconstrained paths 
   option. All paths that are not constrained will be reported in the 
   unconstrained paths section(s) of the report.
INFO:Timing:3339 - The clock-to-out numbers in this timing report are based on 
   a 50 Ohm transmission line loading model.  For the details of this model, 
   and for more information on accounting for different loading conditions, 
   please see the device datasheet.
INFO:Timing:3390 - This architecture does not support a default System Jitter 
   value, please add SYSTEM_JITTER constraint to the UCF to modify the Clock 
   Uncertainty calculation.
INFO:Timing:3389 - This architecture does not support 'Discrete Jitter' and 
   'Phase Error' calculations, these terms will be zero in the Clock 
   Uncertainty calculation.  Please make appropriate modification to 
   SYSTEM_JITTER to account for the unsupported Discrete Jitter and Phase 
   Error.



Data Sheet report:
-----------------
All values displayed in nanoseconds (ns)

Pad to Pad
---------------+---------------+---------+
Source Pad     |Destination Pad|  Delay  |
---------------+---------------+---------+
A              |Q1             |    7.314|
A              |Q2             |    6.645|
A              |Q3             |    7.351|
B              |Q1             |    7.356|
B              |Q2             |    6.745|
B              |Q3             |    7.209|
---------------+---------------+---------+


Analysis completed Sat Mar 02 17:45:26 2013 
--------------------------------------------------------------------------------

Trace Settings:
-------------------------
Trace Settings 

Peak Memory Usage: 157 MB



