Release 14.4 - ngc2edif P.49d (nt64)
Copyright (c) 1995-2012 Xilinx, Inc.  All rights reserved.
Reading design Magnitude_Komparator.ngc ...
WARNING:NetListWriters:298 - No output is written to Magnitude_Komparator.xncf,
   ignored.
Processing design ...
   Preping design's networks ...
   Preping design's macros ...
  finished :Prep
Writing EDIF netlist file Magnitude_Komparator.edif ...
ngc2edif: Total memory usage is 79192 kilobytes

Release 14.4 - ngc2edif P.49d (nt64)
Copyright (c) 1995-2012 Xilinx, Inc.  All rights reserved.
Reading design Magnitude_Komparator.ngc ...
WARNING:NetListWriters:298 - No output is written to Magnitude_Komparator.xncf,
   ignored.
Processing design ...
   Preping design's networks ...
   Preping design's macros ...
  finished :Prep
Writing EDIF netlist file Magnitude_Komparator.edif ...
ngc2edif: Total memory usage is 79128 kilobytes

